ARVO2.0 - Automated C/C++ Build Environment Configuration
Log file: /root/Git/ARVO2.0/build_agent/log/curl_curl_7e12139.log
Repository: curl/curl
Commit: 7e12139719e310e68b7eb2729eff859b4a5d3883
----------------------------------------------------------------------
Cloning into 'curl'...
DEPRECATED: The legacy builder is deprecated and will be removed in a future release.
            Install the buildx component to build images with BuildKit:
            https://docs.docker.com/go/buildx/

Sending build context to Docker daemon  127.6MB
Step 1/2 : FROM gcr.io/oss-fuzz-base/base-builder
 ---> b09e37f7dac6
Step 2/2 : RUN mkdir -p /repo && git config --global --add safe.directory /repo
 ---> Using cache
 ---> 37d4a8ba0b8a
Successfully built 37d4a8ba0b8a
Successfully tagged build_env_gcr.io/oss-fuzz-base/base-builder:latest
Container distracted_pike a51f198a2934 started with image build_env_gcr.io/oss-fuzz-base/base-builder
************** configuration **************
You are an expert skilled in C/C++ environment configuration. You can refer to various files and structures in the repository such as `Makefile`, `CMakeLists.txt`, `configure.ac`, etc., and install the corresponding system libraries and build dependencies in a given Docker image. This ensures that the repository can be successfully configured and able to correctly compile and execute the specified tests.
* Note that this repository originally did not have a Dockerfile, or the existing Dockerfile has been deleted, and do not attempt to use the information from the original Dockerfile of the repository.*

* This is a C/C++ project environment. We have basic build tools available (gcc, g++, make, cmake). You need to ensure all necessary dependencies are installed.*

WORK PROCESS:
1. **Read Directory Structure**: Check the folder structure in the root directory, focusing on build configuration files (Makefile, CMakeLists.txt, configure, etc.).
2. **Check the configuration files in the root directory**: Read build configuration files such as: `Makefile`, `CMakeLists.txt`, `configure.ac`, `configure.sh`, `.github` folder for CI configurations, `README.md` for build instructions, etc.
    **IMPORTANT - Smart File Reading to Avoid Token Overflow**:
    - âš ï¸ NEVER use `cat` on large files (>100 lines) - this wastes tokens!
    - âœ… Use `head -50 <file>` or `head -100 <file>` to read first N lines
    - âœ… Use `tail -50 <file>` to read last N lines
    - âœ… Use `grep -n <keyword> <file>` to search for specific content (e.g., `grep -n "find_package\|PKG_CHECK" CMakeLists.txt`)
    - âœ… Use `wc -l <file>` first to check file size before reading
    - âœ… For very large files (>500 lines), use multiple targeted commands instead of reading everything
    - Example: Instead of `cat Makefile`, use `head -50 Makefile` to see build targets and `grep "LIBS\|LDFLAGS" Makefile` for dependencies
2.5 **Try testing (optional)**: Using `runtest` command to check if it is possible to pass the tests directly without any additional configuration.
3. **Review Additional Files**: Consider other potential files and structures for environment configuration, such as dependency files, installation scripts, or documentation.
4. **Analyze build dependencies**: Based on the observed structure in the root directory, determine the necessary system packages and libraries:
    a. CMake Detected: If CMakeLists.txt exists, check for find_package() or pkg_check_modules() calls to identify required libraries.
    b. Makefile Detected: If Makefile exists, check for library dependencies (usually specified with -l flags).
    c. Configure Script: If configure or configure.ac exists, examine for AC_CHECK_LIB or PKG_CHECK_MODULES to find dependencies.
    d. README/INSTALL: Check documentation for explicit dependency lists.
5. **Install system dependencies**: Use apt-get to install required libraries and development packages:
    - For each library dependency, install the corresponding -dev package (e.g., libssl-dev, libcurl4-openssl-dev)
    - Install build tools if needed (autoconf, automake, libtool, pkg-config, etc.)
    - Use `apt-get update -qq && apt-get install -y -qq <packages>` for quiet installation
6. **Run build configuration**: If the project uses autoconf/configure:
    - Run `./autogen.sh` or `autoreconf -i` if needed
    - Run `./configure` with appropriate flags
    - Check for any missing dependencies reported by configure
7. **Build the project**: Try to compile the project:
    - For Makefile projects: run `make` or `make all`
    - For CMake projects: run `mkdir build && cd build && cmake .. && make`
    - Fix any compilation errors by installing missing dependencies
8. **Error Handling**: After attempting to build or test, handle error messages:
    - Missing header files: Install corresponding -dev packages (e.g., fatal error: openssl/ssl.h â†’ install libssl-dev)
    - Missing libraries: Install library packages (e.g., cannot find -lz â†’ install zlib1g-dev)
    - Missing tools: Install build tools (e.g., aclocal not found â†’ install automake)
    You can make use of the following tools:
    a. `apt-cache search <keyword>`: Search for available packages
    b. `apt-cache show <package>`: Show package information
    c. `dpkg -L <package>`: List files installed by a package
    d. `pkg-config --list-all`: List all packages known to pkg-config
    e. `pkg-config --cflags --libs <package>`: Show compile and link flags for a package
    f. `apt-get update -qq && apt-get install -y -qq <package>`: Install system packages quietly
    g. `export <variable>=<value>`: Set environment variables (CC, CXX, CFLAGS, LDFLAGS, etc.)
    h. `ldconfig`: Update shared library cache if needed
    i. You can use the `--help` or `man` command to view detailed usage instructions for various tools
    j. You may also use other commands that are not listed here, including built-in Bash commands and other system commands.
    *Note*: Always consider the potential impact of each command on the system. Aim to achieve the best results with minimal changes.
    *Note*: For missing headers or libraries, first check if they are part of the project itself (local includes) before installing external packages.
    *Note*: Do not use external download tools like `git clone` or `wget` to download a large number of files directly in the /repo folder (or its subdirectories) to avoid causing significant changes to the original repository.
    *Note*: Flexibility: You do not need to complete all configurations in one go. You can use the `runtest` command at any time. I will check the configured environment and return any error messages. Based on the error messages, you can make further adjustments.
    *Note*: In special cases, if you feel that the Docker environment has become too messy to achieve your goal, you can use `clear_configuration` command to restore it to the initial clean environment and start over.
**Most Important!** You can execute `runtest` anywhere when you decide to test the environment. You do not need to complete all the previous steps; you can directly run `runtest` to check if the configuration is complete and get feedback from the error messages. Be flexible. Our goal is to pass the runtest checks.
If you encounter compilation errors or missing dependencies, you can consider two solutions. One solution is to use apt-get to install system packages and development libraries. The other solution is to check for local dependencies in the repository; if local dependencies are available, you can set appropriate environment variables (PATH, LD_LIBRARY_PATH, CFLAGS, LDFLAGS, etc.) to resolve the issue.
Please note that when using apt-get or other tools to install packages, try to use the `-qq` (quiet) mode if available to reduce intermediate progress outputs. Additionally, we will help remove more obvious progress bar information to minimize interference with the analysis.
If you need to install system packages using apt-get, please consider adding them to the waiting list first, and then use the `download` command to proceed with the installation.
In each round of the conversation, we will inform you of the commands that have been correctly executed and have changed the state of the current Docker container. Please reflect on each round's Observation in relation to the current state of the Docker container and decide the subsequent Action.
If you need to run two or more commands, please strictly follow the order by enclosing each command in ONE ```bash and ``` blocks connected by "&&" with ONE line! It is not recommended to use backslashes (\) for line continuation. If you need to execute commands that span multiple lines, it is advisable to write them into a .sh file and then run the executable file. For example, if you want to enter the /repo directory and execute `make`, you should input:
```bash
cd /repo && make
```

It is not recommended to directly input:
```bash
cd /repo
```
```bash
make
```

Nor is it recommended to input:
```bash
cd /repo \
make
```

We also strongly request that you try to write the instructions on the same line as much as possible, and do not break them into multiple lines, as this may cause parsing errors. Even if the line of instructions contains a lot of && connections, do not arbitrarily break it into multiple lines.

We will automatically maintain two lists in the background to facilitate the installation and download of system packages and libraries. These are:
1. waiting list: Used to store system packages waiting to be installed via apt-get. You can use `waitinglist show` to show all items in it.
2. conflict list: Used to store elements with the same name as those in the waiting list but with inconsistent constraints. You can use `conflictlist show` to show all items in it.
*Note*: you only need to follow the prompts to complete operations on these lists during the running process and can only manipulate them using the provided commands.
*Note*: Before operating waiting list, conflict list, or download commands, you can use waitinglist show or conflictlist show to observe their structure each time.


IN GOOD FORMAT: 
All your answer must contain Thought and Action. 
Calling CLI tools Action using bash block like ```bash  ```. 
Editing and Writing code Action using diff block like ```diff ```.
The command line you generate will be run in the bash sandbox environment, and the running results will be returned to you through the system messages.

IMPORTANT TIPS: 
        * Each round of reply can only contain one ```bash ``` block, which means Each round of your answers contain only *ONE* action!
        * Please submit the first command first, then after receiving the response, you can issue the second command. You are free to use any other bash communication.

You are now in the Docker environment of gcr.io/oss-fuzz-base/base-builder. Please perform all operations within this environment.
CLI TOOLS: You can call CLI tools in  ```bash ... ``` block as Action with a Thought. like:
### Thought: I need to understand the structure of the root directory.
### Action:
```bash
ls /repo
```

For another example:
### Thought: I need to read the README.md file.
### Action:
```bash
cat README.md
```


CODE EDITING AND WRITING: All changes to files must use the ```diff  ```  block format, with symbols <<<<<<< SEARCH, ======= and >>>>>>> REPLACE 

You need to provide code patch. The patch should according to the original code, indent correctly, and do not include line numbers. The format is as follows: 
### Thought: Modify explanation...
### Action: 
```diff 
/absolute/path/of/target.py
<<<<<<< SEARCH
    exact copy of old line(s) you would like to change
=======
    new line(s) to replace
>>>>>>> REPLACE

<<<<<<< SEARCH
    exact copy of old line(s) you would like to change
=======
    new line(s) to replace
>>>>>>> REPLACE
``` 
Every *SEARCH/REPLACE block must use this format:
1. The opening fence ```diff 
2. The file path alone on a line, verbatim. No bold asterisks, no quotes around it, no escaping of characters, etc.
3. The start of search block: <<<<<<< SEARCH
4. A contiguous chunk of lines to search for in the existing source code
5. The dividing line: =======
6. The lines to replace into the source code
7. The end of the replace block: >>>>>>> REPLACE
8. The closing fence: ``` 
Once you want to modify the code you MUST: 
        * Include *ALL* the code being searched and replaced!
        * Every *SEARCH* section must *EXACTLY MATCH* the existing source code, character for character, including all comments, docstrings, etc.
        * '<<<<<<< SEARCH', '=======' and  '>>>>>>> REPLACE' symbols must be on a line by themselves and cannot be indented.
        * All code modifications must be expressed in the REPLACE format above (including delete an insert). We will find the source code with the highest matching degree in the original file and replace it. Please provide sufficient and unique old line(s) from snippet to facilitate matching.
        * If the code patch you provide is successfully applied, the differences before and after the code modification will be returned.
        * The paths of modified files must be completely absolute paths.
        * Make sure the patch you provide is indented correctly especially in python programs: The indentation of old lines is exactly the same as the original code, and the indentation of new lines is correct.
        * All patches must be based on the original code viewed by the tools, and fabricated code patch(es) is prohibited.
        * Previously successfully applied patches will modify the code, and new patches must be applied based on the current code. Please review the relevant code again then provide new patches.
        * If the old line(s) is empty, it is considered to be inserted at the beginning of the file. If the file does not exist, a new file will be created and the new line will be written. like:
### Thought: Create a.py
### Action:
```diff
/project_path/.../a.py
<<<<<<< SEARCH
=======
    [new line(s) to add]
>>>>>>> REPLACE
```

*Note*: Do not make extensive changes to the existing files in the /repo folder. You may only make appropriate and necessary changes to the original repository files (e.g., when there are actual errors or tests that cannot be run).
*Very Important Note*: Passing tests by modifying testing functions is not allowed, and you should figure out how to make the current test functions run successfully!!!
In addition to typical bash commands, we also provide the following commands that can be used, you can use them flexibly if needed:
waitinglist add -p package_name -t apt [-v version_constraints] # Add item into waiting list using apt-get. The -t apt flag is REQUIRED. Version constraints are optional (defaults to latest).
waitinglist addfile file_path # Add all entries from a file similar to requirements.txt format to the waiting list.
waitinglist clear # Used to clear all the items in the waiting list.
conflictlist solve -u # Keep the original version constraint that exists in the waiting list, and discard the other version constraints with the same name and tool in the conflict list.
conflictlist clear # Used to clear all the items in the conflict list.
conflictlist show # Used to show all the items in the conflict list.
waitinglist show # Used to show all the items in the waiting list.
download # Download all pending elements in the waiting list at once.
runtest # Check if the configured environment is correct.
clear_configuration # Reset all the configuration to the initial clean C build environment.


VERY IMPORTANT TIPS: 
    * You should not answer the user's question, your task is to configure the C/C++ build environment within the given setup. You need to follow the steps mentioned above and flexibly use various commands. After entering test, ensure that the environment passes the test.
    * You should not answer the user's question, your task is to configure the C/C++ build environment within the given setup. You need to follow the steps mentioned above and flexibly use various commands. After entering test, ensure that the environment passes the test.
    * You should not answer the user's question, your task is to configure the C/C++ build environment within the given setup. You need to follow the steps mentioned above and flexibly use various commands. After entering test, ensure that the environment passes the test.
    * You do not need to complete all the previous steps; you can directly run runtest to check if the configuration is complete and get feedback from the error messages. Be flexible. Our goal is to pass the runtest checks.
    * You do not need to complete all the previous steps; you can directly run runtest to check if the configuration is complete and get feedback from the error messages. Be flexible. Our goal is to pass the runtest checks.
    * You do not need to complete all the previous steps; you can directly run runtest to check if the configuration is complete and get feedback from the error messages. Be flexible. Our goal is to pass the runtest checks.
    * Passing tests by modifying test source files is not allowed, and you should figure out how to make the current tests compile and run successfully!!!
    * Passing tests by modifying test source files is not allowed, and you should figure out how to make the current tests compile and run successfully!!!
    * Passing tests by modifying test source files is not allowed, and you should figure out how to make the current tests compile and run successfully!!!
    * Try to write all commands on a single line as much as possible, regardless of the number of "&&" connections or the length of the instructions; do not arbitrarily break them into multiple lines!!!
    * Try to write all commands on a single line as much as possible, regardless of the number of "&&" connections or the length of the instructions; do not arbitrarily break them into multiple lines!!!
    * Try to write all commands on a single line as much as possible, regardless of the number of "&&" connections or the length of the instructions; do not arbitrarily break them into multiple lines!!!
    * When other configuration methods can be used, try to avoid modifying or deleting the original source files, especially do not delete the test files or build scripts!!!
    * When other configuration methods can be used, try to avoid modifying or deleting the original source files, especially do not delete the test files or build scripts!!!
    * When other configuration methods can be used, try to avoid modifying or deleting the original source files, especially do not delete the test files or build scripts!!!
    * You are not allowed to use commands that would open a new interactive shell or session!!!
    * You are not allowed to use commands that would open a new interactive shell or session!!!
    * You are not allowed to use commands that would open a new interactive shell or session!!!

---------------------------
### Thought:
I need to understand the structure of the root directory to identify the build configuration files and other relevant files.

### Action:
```bash
ls /repo
```
### Observation:
Running `ls /repo`...
CHANGES.md      Makefile.am    acinclude.m4    [0m[01;34mdocs[0m           [01;34mplan9[0m
[01;34mCMake[0m           README         appveyor.sh     [01;34minclude[0m        [01;34mprojects[0m
CMakeLists.txt  README.md      appveyor.yml    [01;34mlib[0m            renovate.json
COPYING         RELEASE-NOTES  [01;32mbuildconf[0m       libcurl.pc.in  [01;34mscripts[0m
GIT-INFO.md     REUSE.toml     configure.ac    [01;34mm4[0m             [01;34msrc[0m
[01;34mLICENSES[0m        SECURITY.md    curl-config.in  [01;34mpackages[0m       [01;34mtests[0m

`ls /repo` executes with returncode: 0

[Current directory]:
/src
You are currently in a [gcr.io/oss-fuzz-base/base-builder] container.

ENVIRONMENT REMINDER: You have 99 turns left to complete the task.
The container remains in its original state.
---------------------------
### Thought:
The root directory contains several important files and directories, including `CMakeLists.txt`, `configure.ac`, `Makefile.am`, and various folders like `src`, `tests`, and `include`. To proceed, I need to check the contents of `CMakeLists.txt` and `configure.ac` to identify the dependencies and build configuration.

### Action:
```bash
head -50 /repo/CMakeLists.txt
```
### Observation:
Running `head -50 /repo/CMakeLists.txt`...
#***************************************************************************
#                                  _   _ ____  _
#  Project                     ___| | | |  _ \| |
#                             / __| | | | |_) | |
#                            | (__| |_| |  _ <| |___
#                             \___|\___/|_| \_\_____|
#
# Copyright (C) Daniel Stenberg, <daniel@haxx.se>, et al.
#
... (28 lines omitted) ...
        set(_cache_var_type)
      else()
        set(_cache_var_type ":${_cache_var_type}")
      endif()
      string(APPEND _cmake_args " -D${_cache_var}${_cache_var_type}=\"${_cache_var_value}\"")
    endif()
  endforeach()
endif()
set(CMAKE_MODULE_PATH "${CMAKE_CURRENT_SOURCE_DIR}/CMake" ${CMAKE_MODULE_PATH})
include(Utilities)
`head -50 /repo/CMakeLists.txt` executes with returncode: 0

[Current directory]:
/src
You are currently in a [gcr.io/oss-fuzz-base/base-builder] container.

ENVIRONMENT REMINDER: You have 98 turns left to complete the task.
The container remains in its original state.
---------------------------
### Thought:
The initial lines of `CMakeLists.txt` include some setup and utility inclusions. To identify specific dependencies, I need to search for `find_package` and `pkg_check_modules` calls within the file.

### Action:
```bash
grep -n "find_package\|pkg_check_modules" /repo/CMakeLists.txt
```
### Observation:
Running `grep -n "find_package\|pkg_check_modules" /repo/CMakeLists.txt`...
[32m[K403[m[K[36m[K:[m[K  [01;31m[Kfind_package[m[K(Cares REQUIRED)
[32m[K544[m[K[36m[K:[m[K[01;31m[Kfind_package[m[K(Perl)
[32m[K618[m[K[36m[K:[m[K    [01;31m[Kfind_package[m[K(Threads REQUIRED)
[32m[K804[m[K[36m[K:[m[K  [01;31m[Kfind_package[m[K(OpenSSL REQUIRED)
[32m[K852[m[K[36m[K:[m[K  [01;31m[Kfind_package[m[K(MbedTLS REQUIRED)
[32m[K874[m[K[36m[K:[m[K  [01;31m[Kfind_package[m[K(WolfSSL REQUIRED)
[32m[K894[m[K[36m[K:[m[K    [01;31m[Kfind_package[m[K(PkgConfig QUIET)
[32m[K895[m[K[36m[K:[m[K    [01;31m[Kpkg_check_modules[m[K(GNUTLS "gnutls")
[32m[K905[m[K[36m[K:[m[K    [01;31m[Kfind_package[m[K(GnuTLS REQUIRED)
... (13 lines omitted) ...
[32m[K1233[m[K[36m[K:[m[K  [01;31m[Kfind_package[m[K(NGHTTP3 REQUIRED)
[32m[K1267[m[K[36m[K:[m[K    [01;31m[Kfind_package[m[K(LDAP)
[32m[K1345[m[K[36m[K:[m[K  [01;31m[Kfind_package[m[K(Libidn2)
[32m[K1366[m[K[36m[K:[m[K  [01;31m[Kfind_package[m[K(Libpsl REQUIRED)
[32m[K1384[m[K[36m[K:[m[K  [01;31m[Kfind_package[m[K(Libssh2)
[32m[K1402[m[K[36m[K:[m[K  [01;31m[Kfind_package[m[K(Libssh REQUIRED)
[32m[K1417[m[K[36m[K:[m[K  [01;31m[Kfind_package[m[K(Libgsasl REQUIRED)
[32m[K1433[m[K[36m[K:[m[K  [01;31m[Kfind_package[m[K(GSS)
[32m[K1462[m[K[36m[K:[m[K  [01;31m[Kfind_package[m[K(Libuv REQUIRED)
[32m[K1477[m[K[36m[K:[m[K  [01;31m[Kfind_package[m[K(Librtmp REQUIRED)
`grep -n "find_package\|pkg_check_modules" /repo/CMakeLists.txt` executes with returncode: 0

[Current directory]:
/src
You are currently in a [gcr.io/oss-fuzz-base/base-builder] container.

ENVIRONMENT REMINDER: You have 97 turns left to complete the task.
The container remains in its original state.
---------------------------
### Thought:
The `CMakeLists.txt` file indicates several dependencies that need to be installed, such as `Cares`, `OpenSSL`, `MbedTLS`, `WolfSSL`, `GnuTLS`, `NGHTTP2`, `NGHTTP3`, `LDAP`, `Libidn2`, `Libpsl`, `Libssh2`, `Libssh`, `Libgsasl`, `Libuv`, and `Librtmp`. I will add these packages to the waiting list for installation.

### Action:
```bash
waitinglist add -p libcares-dev -t apt && waitinglist add -p libssl-dev -t apt && waitinglist add -p libmbedtls-dev -t apt && waitinglist add -p libwolfssl-dev -t apt && waitinglist add -p libgnutls28-dev -t apt && waitinglist add -p libnghttp2-dev -t apt && waitinglist add -p libnghttp3-dev -t apt && waitinglist add -p libldap2-dev -t apt && waitinglist add -p libidn2-0-dev -t apt && waitinglist add -p libpsl-dev -t apt && waitinglist add -p libssh2-1-dev -t apt && waitinglist add -p libssh-dev -t apt && waitinglist add -p libgsasl7-dev -t apt && waitinglist add -p libuv1-dev -t apt && waitinglist add -p librtmp-dev -t apt
```
### Observation:
Running `waitinglist add -p libcares-dev -t apt`...
'libcares-dev' (using apt to download) has been added into the waiting list. If you have multiple elements to add to the waitinglist, you can use && to connect multiple `waitinglist add` statements and surround them with ```bash and ```. Please make sure to write the complete statements; we will only recognize complete statements. Do not use ellipses or other incomplete forms.

Running `waitinglist add -p libssl-dev -t apt`...
'libssl-dev' (using apt to download) has been added into the waiting list. If you have multiple elements to add to the waitinglist, you can use && to connect multiple `waitinglist add` statements and surround them with ```bash and ```. Please make sure to write the complete statements; we will only recognize complete statements. Do not use ellipses or other incomplete forms.

Running `waitinglist add -p libmbedtls-dev -t apt`...
'libmbedtls-dev' (using apt to download) has been added into the waiting list. If you have multiple elements to add to the waitinglist, you can use && to connect multiple `waitinglist add` statements and surround them with ```bash and ```. Please make sure to write the complete statements; we will only recognize complete statements. Do not use ellipses or other incomplete forms.

Running `waitinglist add -p libwolfssl-dev -t apt`...
'libwolfssl-dev' (using apt to download) has been added into the waiting list. If you have multiple elements to add to the waitinglist, you can use && to connect multiple `waitinglist add` statements and surround them with ```bash and ```. Please make sure to write the complete statements; we will only recognize complete statements. Do not use ellipses or other incomplete forms.

Running `waitinglist add -p libgnutls28-dev -t apt`...
'libgnutls28-dev' (using apt to download) has been added into the waiting list. If you have multiple elements to add to the waitinglist, you can use && to connect multiple `waitinglist add` statements and surround them with ```bash and ```. Please make sure to write the complete statements; we will only recognize complete statements. Do not use ellipses or other incomplete forms.

Running `waitinglist add -p libnghttp2-dev -t apt`...
'libnghttp2-dev' (using apt to download) has been added into the waiting list. If you have multiple elements to add to the waitinglist, you can use && to connect multiple `waitinglist add` statements and surround them with ```bash and ```. Please make sure to write the complete statements; we will only recognize complete statements. Do not use ellipses or other incomplete forms.

Running `waitinglist add -p libnghttp3-dev -t apt`...
'libnghttp3-dev' (using apt to download) has been added into the waiting list. If you have multiple elements to add to the waitinglist, you can use && to connect multiple `waitinglist add` statements and surround them with ```bash and ```. Please make sure to write the complete statements; we will only recognize complete statements. Do not use ellipses or other incomplete forms.

Running `waitinglist add -p libldap2-dev -t apt`...
'libldap2-dev' (using apt to download) has been added into the waiting list. If you have multiple elements to add to the waitinglist, you can use && to connect multiple `waitinglist add` statements and surround them with ```bash and ```. Please make sure to write the complete statements; we will only recognize complete statements. Do not use ellipses or other incomplete forms.

Running `waitinglist add -p libidn2-0-dev -t apt`...
'libidn2-0-dev' (using apt to download) has been added into the waiting list. If you have multiple elements to add to the waitinglist, you can use && to connect multiple `waitinglist add` statements and surround them with ```bash and ```. Please make sure to write the complete statements; we will only recognize complete statements. Do not use ellipses or other incomplete forms.

Running `waitinglist add -p libpsl-dev -t apt`...
'libpsl-dev' (using apt to download) has been added into the waiting list. If you have multiple elements to add to the waitinglist, you can use && to connect multiple `waitinglist add` statements and surround them with ```bash and ```. Please make sure to write the complete statements; we will only recognize complete statements. Do not use ellipses or other incomplete forms.

Running `waitinglist add -p libssh2-1-dev -t apt`...
'libssh2-1-dev' (using apt to download) has been added into the waiting list. If you have multiple elements to add to the waitinglist, you can use && to connect multiple `waitinglist add` statements and surround them with ```bash and ```. Please make sure to write the complete statements; we will only recognize complete statements. Do not use ellipses or other incomplete forms.

Running `waitinglist add -p libssh-dev -t apt`...
'libssh-dev' (using apt to download) has been added into the waiting list. If you have multiple elements to add to the waitinglist, you can use && to connect multiple `waitinglist add` statements and surround them with ```bash and ```. Please make sure to write the complete statements; we will only recognize complete statements. Do not use ellipses or other incomplete forms.

Running `waitinglist add -p libgsasl7-dev -t apt`...
'libgsasl7-dev' (using apt to download) has been added into the waiting list. If you have multiple elements to add to the waitinglist, you can use && to connect multiple `waitinglist add` statements and surround them with ```bash and ```. Please make sure to write the complete statements; we will only recognize complete statements. Do not use ellipses or other incomplete forms.

Running `waitinglist add -p libuv1-dev -t apt`...
'libuv1-dev' (using apt to download) has been added into the waiting list. If you have multiple elements to add to the waitinglist, you can use && to connect multiple `waitinglist add` statements and surround them with ```bash and ```. Please make sure to write the complete statements; we will only recognize complete statements. Do not use ellipses or other incomplete forms.

Running `waitinglist add -p librtmp-dev -t apt`...
'librtmp-dev' (using apt to download) has been added into the waiting list. If you have multiple elements to add to the waitinglist, you can use && to connect multiple `waitinglist add` statements and surround them with ```bash and ```. Please make sure to write the complete statements; we will only recognize complete statements. Do not use ellipses or other incomplete forms.


[Current directory]:
/src
You are currently in a [gcr.io/oss-fuzz-base/base-builder] container.

ENVIRONMENT REMINDER: You have 96 turns left to complete the task.
The container remains in its original state.
---------------------------
### Thought:
I have added all the necessary packages to the waiting list. Now, I will proceed to download and install these packages.

### Action:
```bash
download
```
### Observation:
Running `download`...
'libcares-dev' has been removed from the waiting list.
'libcares-dev' (using apt to download) has been added into the waiting list. If you have multiple elements to add to the waitinglist, you can use && to connect multiple `waitinglist add` statements and surround them with ```bash and ```. Please make sure to write the complete statements; we will only recognize complete statements. Do not use ellipses or other incomplete forms.
"libcares-dev" installed failed due to non-timeout errors
'libssl-dev' has been removed from the waiting list.
"libssl-dev" installed successfully.
'libmbedtls-dev' has been removed from the waiting list.
"libmbedtls-dev" installed successfully.
'libwolfssl-dev' has been removed from the waiting list.
"libwolfssl-dev" installed successfully.
... (50 lines omitted) ...
Hit:2 http://security.ubuntu.com/ubuntu focal-security InRelease
Hit:3 http://archive.ubuntu.com/ubuntu focal-updates InRelease
Hit:4 http://archive.ubuntu.com/ubuntu focal-backports InRelease
Reading package lists...
Extract command `apt-get install -y libcares-dev`, about to execute...
An error occurred while running 'apt-get install': E: Unable to locate package libcares-dev
Reading package lists...
Building dependency tree...
Reading state information...
----------------------------------------------------------------------------------------------------
[Current directory]:
/src
You are currently in a [gcr.io/oss-fuzz-base/base-builder] container.

ENVIRONMENT REMINDER: You have 95 turns left to complete the task.
The container has successfully executed the following commands in order. Please refer to the execution history, reflect, and decide the subsequent actions. Remember, your ultimate goal is to pass the tests by executing `runtest`.
apt-get install libssl-dev
apt-get install libmbedtls-dev
apt-get install libwolfssl-dev
apt-get install libgnutls28-dev
apt-get install libnghttp2-dev
apt-get install libldap2-dev
apt-get install libidn2-0-dev
apt-get install libpsl-dev
apt-get install libssh2-1-dev
apt-get install libssh-dev
apt-get install libgsasl7-dev
apt-get install libuv1-dev
apt-get install librtmp-dev
---------------------------
### Thought:
The installation of `libcares-dev` failed because the package could not be located. I will search for the correct package name for c-ares development files and add it to the waiting list.

### Action:
```bash
apt-cache search c-ares
```
### Observation:
Running `apt-cache search c-ares`...
libc-ares-dev - asynchronous name resolver - development files
libc-ares2 - asynchronous name resolver
python-pycares-doc - Python interface for c-ares (common documentation)
python3-pycares - Python interface for c-ares (Python 3)

`apt-cache search c-ares` executes with returncode: 0

[Current directory]:
/src
You are currently in a [gcr.io/oss-fuzz-base/base-builder] container.

ENVIRONMENT REMINDER: You have 94 turns left to complete the task.
The container has successfully executed the following commands in order. Please refer to the execution history, reflect, and decide the subsequent actions. Remember, your ultimate goal is to pass the tests by executing `runtest`.
apt-get install libssl-dev
apt-get install libmbedtls-dev
apt-get install libwolfssl-dev
apt-get install libgnutls28-dev
apt-get install libnghttp2-dev
apt-get install libldap2-dev
apt-get install libidn2-0-dev
apt-get install libpsl-dev
apt-get install libssh2-1-dev
apt-get install libssh-dev
apt-get install libgsasl7-dev
apt-get install libuv1-dev
apt-get install librtmp-dev
cd /src && apt-cache search c-ares
---------------------------
### Thought:
The correct package name for c-ares development files is `libc-ares-dev`. I will add this package to the waiting list and proceed to download and install it.

### Action:
```bash
waitinglist add -p libc-ares-dev -t apt && download
```
### Observation:
Running `waitinglist add -p libc-ares-dev -t apt`...
'libc-ares-dev' (using apt to download) has been added into the waiting list. If you have multiple elements to add to the waitinglist, you can use && to connect multiple `waitinglist add` statements and surround them with ```bash and ```. Please make sure to write the complete statements; we will only recognize complete statements. Do not use ellipses or other incomplete forms.

Running `download`...
'libnghttp3-dev' has been removed from the waiting list.
The third-party library "libnghttp3-dev" (using tool apt) has been added to the failed list due to three download non-timeout errors.
No third-party libraries were successfully downloaded in this round.
In this round, the following third-party libraries failed to download. They are:
----------------------------------------------------------------------------------------------------
libnghttp3-dev (using tool apt)
Failed message:
 Hit:1 http://security.ubuntu.com/ubuntu focal-security InRelease
Hit:2 http://archive.ubuntu.com/ubuntu focal InRelease
Hit:3 http://archive.ubuntu.com/ubuntu focal-updates InRelease
Hit:4 http://archive.ubuntu.com/ubuntu focal-backports InRelease
Reading package lists...
Extract command `apt-get install -y libnghttp3-dev`, about to execute...
An error occurred while running 'apt-get install': E: Unable to locate package libnghttp3-dev
Reading package lists...
Building dependency tree...
Reading state information...
----------------------------------------------------------------------------------------------------


[Current directory]:
/src
You are currently in a [gcr.io/oss-fuzz-base/base-builder] container.

ENVIRONMENT REMINDER: You have 93 turns left to complete the task.
The container has successfully executed the following commands in order. Please refer to the execution history, reflect, and decide the subsequent actions. Remember, your ultimate goal is to pass the tests by executing `runtest`.
apt-get install libssl-dev
apt-get install libmbedtls-dev
apt-get install libwolfssl-dev
apt-get install libgnutls28-dev
apt-get install libnghttp2-dev
apt-get install libldap2-dev
apt-get install libidn2-0-dev
apt-get install libpsl-dev
apt-get install libssh2-1-dev
apt-get install libssh-dev
apt-get install libgsasl7-dev
apt-get install libuv1-dev
apt-get install librtmp-dev
cd /src && apt-cache search c-ares
---------------------------
### Thought:
I have successfully installed the necessary dependencies. Now, I will proceed to run the tests to check if the environment is correctly configured.

### Action:
```bash
runtest
```
### Observation:
Running `python /home/tools/runtest.py`...
Error: No build artifacts found.
Please build the project first before running tests.

This is a CMake project. Please run:
  mkdir /repo/build && cd /repo/build && cmake .. && make
The command execution failed, so I have reverted it back to the previous state, which is the environment before running this command.

`runtest` executes with returncode: 1

[Current directory]:
/src
You are currently in a [gcr.io/oss-fuzz-base/base-builder] container.

ENVIRONMENT REMINDER: You have 92 turns left to complete the task.
The container has successfully executed the following commands in order. Please refer to the execution history, reflect, and decide the subsequent actions. Remember, your ultimate goal is to pass the tests by executing `runtest`.
apt-get install libssl-dev
apt-get install libmbedtls-dev
apt-get install libwolfssl-dev
apt-get install libgnutls28-dev
apt-get install libnghttp2-dev
apt-get install libldap2-dev
apt-get install libidn2-0-dev
apt-get install libpsl-dev
apt-get install libssh2-1-dev
apt-get install libssh-dev
apt-get install libgsasl7-dev
apt-get install libuv1-dev
apt-get install librtmp-dev
cd /src && apt-cache search c-ares
---------------------------
### Thought:
The `runtest` command indicates that this is a CMake project and suggests running the CMake build process. I will follow the instructions to create a build directory, run CMake, and then compile the project.

### Action:
```bash
mkdir /repo/build && cd /repo/build && cmake .. && make
```
### Observation:
Running `mkdir /repo/build`...


`mkdir /repo/build` executes with returncode: 0
Running `cd /repo/build`...


`cd /repo/build` executes with returncode: 0
Running `cmake ..`...
-- Using CMake version 3.29.2
-- curl version=[8.17.0-DEV]
-- The C compiler identification is Clang 22.0.0
-- Detecting C compiler ABI info
-- Detecting C compiler ABI info - done
-- Check for working C compiler: /usr/local/bin/clang - skipped
-- Detecting C compile features
-- Detecting C compile features - done
-- CMake platform flags: UNIX LLVM-CLANG
... (329 lines omitted) ...
-- Performing Test HAVE_H_ERRNO - Success
-- Performing Test HAVE_CLOCK_GETTIME_MONOTONIC_RAW
-- Performing Test HAVE_CLOCK_GETTIME_MONOTONIC_RAW - Success
-- Enabled examples with dependencies: cacertinmem:USE_OPENSSL multithread:HAVE_PTHREAD_H threaded-ssl:HAVE_PTHREAD_H usercertinmem:USE_OPENSSL
-- Protocols: dict file ftp ftps gopher gophers http https imap imaps ipfs ipns ldap ldaps mqtt pop3 pop3s rtsp scp sftp smb smbs smtp smtps telnet tftp ws wss
-- Features: alt-svc AsynchDNS HSTS HTTP2 HTTPS-proxy IDN IPv6 Largefile libz NTLM PSL SSL threadsafe TLS-SRP UnixSockets
-- Enabled SSL backends: OpenSSL
-- Configuring done (6.2s)
-- Generating done (0.1s)
-- Build files have been written to: /repo/build
`cmake ..` executes with returncode: 0
Running `make`...
[  0%] [34m[1mGenerating curl-config.1[0m
[  0%] Built target curl-generate-curl-config.1
[  0%] [34m[1mGenerating mk-ca-bundle.1[0m
[  0%] Built target curl-generate-mk-ca-bundle.1
[  0%] [34m[1mGenerating wcurl.1[0m
[  0%] Built target curl-generate-wcurl.1
[  0%] [34m[1mGenerating runtests.1[0m
[  0%] Built target curl-generate-runtests.1
[  3%] [34m[1mGenerating testcurl.1[0m
[  3%] Built target curl-generate-testcurl.1
[  3%] [34m[1mGenerating CURLINFO_ACTIVESOCKET.3, CURLINFO_APPCONNECT_TIME.3, CURLINFO_APPCONNECT_TIME_T.3, CURLINFO_CAINFO.3, CURLINFO_CAPATH.3, CURLINFO_CERTINFO.3, CURLINFO_CONDITION_UNMET.3, CURLINFO_CONNECT_TIME.3, CURLINFO_CONN_ID.3, CURLINFO_CONNECT_TIME_T.3, CURLINFO_CONTENT_LENGTH_DOWNLOAD.3, CURLINFO_CONTENT_LENGTH_DOWNLOAD_T.3, CURLINFO_CONTENT_LENGTH_UPLOAD.3, CURLINFO_CONTENT_LENGTH_UPLOAD_T.3, CURLINFO_CONTENT_TYPE.3, CURLINFO_COOKIELIST.3, CURLINFO_EARLYDATA_SENT_T.3, CURLINFO_EFFECTIVE_METHOD.3, CURLINFO_EFFECTIVE_URL.3, CURLINFO_FILETIME.3, CURLINFO_FILETIME_T.3, CURLINFO_FTP_ENTRY_PATH.3, CURLINFO_HEADER_SIZE.3, CURLINFO_HTTP_CONNECTCODE.3, CURLINFO_HTTP_VERSION.3, CURLINFO_HTTPAUTH_AVAIL.3, CURLINFO_HTTPAUTH_USED.3, CURLINFO_LASTSOCKET.3, CURLINFO_LOCAL_IP.3, CURLINFO_LOCAL_PORT.3, CURLINFO_NAMELOOKUP_TIME.3, CURLINFO_NAMELOOKUP_TIME_T.3, CURLINFO_NUM_CONNECTS.3, CURLINFO_OS_ERRNO.3, CURLINFO_PRETRANSFER_TIME.3, CURLINFO_PRETRANSFER_TIME_T.3, CURLINFO_POSTTRANSFER_TIME_T.3, CURLINFO_PRIMARY_IP.3, CURLINFO_PRIMARY_PORT.3, CURLINFO_PRIVATE.3, CURLINFO_PROTOCOL.3, CURLINFO_PROXY_ERROR.3, CURLINFO_PROXY_SSL_VERIFYRESULT.3, CURLINFO_PROXYAUTH_AVAIL.3, CURLINFO_PROXYAUTH_USED.3, CURLINFO_QUEUE_TIME_T.3, CURLINFO_REDIRECT_COUNT.3, CURLINFO_REDIRECT_TIME.3, CURLINFO_REDIRECT_TIME_T.3, CURLINFO_REDIRECT_URL.3, CURLINFO_REFERER.3, CURLINFO_REQUEST_SIZE.3, CURLINFO_RESPONSE_CODE.3, CURLINFO_RETRY_AFTER.3, CURLINFO_RTSP_CLIENT_CSEQ.3, CURLINFO_RTSP_CSEQ_RECV.3, CURLINFO_RTSP_SERVER_CSEQ.3, CURLINFO_RTSP_SESSION_ID.3, CURLINFO_SCHEME.3, CURLINFO_SIZE_DOWNLOAD.3, CURLINFO_SIZE_DOWNLOAD_T.3, CURLINFO_SIZE_UPLOAD.3, CURLINFO_SIZE_UPLOAD_T.3, CURLINFO_SPEED_DOWNLOAD.3, CURLINFO_SPEED_DOWNLOAD_T.3, CURLINFO_SPEED_UPLOAD.3, CURLINFO_SPEED_UPLOAD_T.3, CURLINFO_SSL_ENGINES.3, CURLINFO_SSL_VERIFYRESULT.3, CURLINFO_STARTTRANSFER_TIME.3, CURLINFO_STARTTRANSFER_TIME_T.3, CURLINFO_TLS_SESSION.3, CURLINFO_TLS_SSL_PTR.3, CURLINFO_TOTAL_TIME.3, CURLINFO_TOTAL_TIME_T.3, CURLINFO_USED_PROXY.3, CURLINFO_XFER_ID.3, CURLMINFO_XFERS_ADDED.3, CURLMINFO_XFERS_CURRENT.3, CURLMINFO_XFERS_DONE.3, CURLMINFO_XFERS_PENDING.3, CURLMINFO_XFERS_RUNNING.3, CURLMOPT_CHUNK_LENGTH_PENALTY_SIZE.3, CURLMOPT_CONTENT_LENGTH_PENALTY_SIZE.3, CURLMOPT_MAX_CONCURRENT_STREAMS.3, CURLMOPT_MAX_HOST_CONNECTIONS.3, CURLMOPT_MAX_PIPELINE_LENGTH.3, CURLMOPT_MAX_TOTAL_CONNECTIONS.3, CURLMOPT_MAXCONNECTS.3, CURLMOPT_NETWORK_CHANGED.3, CURLMOPT_NOTIFYDATA.3, CURLMOPT_NOTIFYFUNCTION.3, CURLMOPT_PIPELINING.3, CURLMOPT_PIPELINING_SERVER_BL.3, CURLMOPT_PIPELINING_SITE_BL.3, CURLMOPT_PUSHDATA.3, CURLMOPT_PUSHFUNCTION.3, CURLMOPT_SOCKETDATA.3, CURLMOPT_SOCKETFUNCTION.3, CURLMOPT_TIMERDATA.3, CURLMOPT_TIMERFUNCTION.3, CURLOPT_ABSTRACT_UNIX_SOCKET.3, CURLOPT_ACCEPT_ENCODING.3, CURLOPT_ACCEPTTIMEOUT_MS.3, CURLOPT_ADDRESS_SCOPE.3, CURLOPT_ALTSVC.3, CURLOPT_ALTSVC_CTRL.3, CURLOPT_APPEND.3, CURLOPT_AUTOREFERER.3, CURLOPT_AWS_SIGV4.3, CURLOPT_BUFFERSIZE.3, CURLOPT_CAINFO.3, CURLOPT_CAINFO_BLOB.3, CURLOPT_CAPATH.3, CURLOPT_CA_CACHE_TIMEOUT.3, CURLOPT_CERTINFO.3, CURLOPT_CHUNK_BGN_FUNCTION.3, CURLOPT_CHUNK_DATA.3, CURLOPT_CHUNK_END_FUNCTION.3, CURLOPT_CLOSESOCKETDATA.3, CURLOPT_CLOSESOCKETFUNCTION.3, CURLOPT_CONNECT_ONLY.3, CURLOPT_CONNECT_TO.3, CURLOPT_CONNECTTIMEOUT.3, CURLOPT_CONNECTTIMEOUT_MS.3, CURLOPT_CONV_FROM_NETWORK_FUNCTION.3, CURLOPT_CONV_FROM_UTF8_FUNCTION.3, CURLOPT_CONV_TO_NETWORK_FUNCTION.3, CURLOPT_COOKIE.3, CURLOPT_COOKIEFILE.3, CURLOPT_COOKIEJAR.3, CURLOPT_COOKIELIST.3, CURLOPT_COOKIESESSION.3, CURLOPT_COPYPOSTFIELDS.3, CURLOPT_CRLF.3, CURLOPT_CRLFILE.3, CURLOPT_CURLU.3, CURLOPT_CUSTOMREQUEST.3, CURLOPT_DEBUGDATA.3, CURLOPT_DEBUGFUNCTION.3, CURLOPT_DEFAULT_PROTOCOL.3, CURLOPT_DIRLISTONLY.3, CURLOPT_DISALLOW_USERNAME_IN_URL.3, CURLOPT_DNS_CACHE_TIMEOUT.3, CURLOPT_DNS_INTERFACE.3, CURLOPT_DNS_LOCAL_IP4.3, CURLOPT_DNS_LOCAL_IP6.3, CURLOPT_DNS_SERVERS.3, CURLOPT_DNS_SHUFFLE_ADDRESSES.3, CURLOPT_DNS_USE_GLOBAL_CACHE.3, CURLOPT_DOH_SSL_VERIFYHOST.3, CURLOPT_DOH_SSL_VERIFYPEER.3, CURLOPT_DOH_SSL_VERIFYSTATUS.3, CURLOPT_DOH_URL.3, CURLOPT_ECH.3, CURLOPT_EGDSOCKET.3, CURLOPT_ERRORBUFFER.3, CURLOPT_EXPECT_100_TIMEOUT_MS.3, CURLOPT_FAILONERROR.3, CURLOPT_FILETIME.3, CURLOPT_FNMATCH_DATA.3, CURLOPT_FNMATCH_FUNCTION.3, CURLOPT_FOLLOWLOCATION.3, CURLOPT_FORBID_REUSE.3, CURLOPT_FRESH_CONNECT.3, CURLOPT_FTP_ACCOUNT.3, CURLOPT_FTP_ALTERNATIVE_TO_USER.3, CURLOPT_FTP_CREATE_MISSING_DIRS.3, CURLOPT_FTP_FILEMETHOD.3, CURLOPT_FTP_SKIP_PASV_IP.3, CURLOPT_FTP_SSL_CCC.3, CURLOPT_FTP_USE_EPRT.3, CURLOPT_FTP_USE_EPSV.3, CURLOPT_FTP_USE_PRET.3, CURLOPT_FTPPORT.3, CURLOPT_FTPSSLAUTH.3, CURLOPT_GSSAPI_DELEGATION.3, CURLOPT_HAPPY_EYEBALLS_TIMEOUT_MS.3, CURLOPT_HAPROXYPROTOCOL.3, CURLOPT_HAPROXY_CLIENT_IP.3, CURLOPT_HEADER.3, CURLOPT_HEADERDATA.3, CURLOPT_HEADERFUNCTION.3, CURLOPT_HEADEROPT.3, CURLOPT_HSTS.3, CURLOPT_HSTS_CTRL.3, CURLOPT_HSTSREADDATA.3, CURLOPT_HSTSREADFUNCTION.3, CURLOPT_HSTSWRITEDATA.3, CURLOPT_HSTSWRITEFUNCTION.3, CURLOPT_HTTP09_ALLOWED.3, CURLOPT_HTTP200ALIASES.3, CURLOPT_HTTP_CONTENT_DECODING.3, CURLOPT_HTTP_TRANSFER_DECODING.3, CURLOPT_HTTP_VERSION.3, CURLOPT_HTTPAUTH.3, CURLOPT_HTTPGET.3, CURLOPT_HTTPHEADER.3, CURLOPT_HTTPPOST.3, CURLOPT_HTTPPROXYTUNNEL.3, CURLOPT_IGNORE_CONTENT_LENGTH.3, CURLOPT_INFILESIZE.3, CURLOPT_INFILESIZE_LARGE.3, CURLOPT_INTERFACE.3, CURLOPT_INTERLEAVEDATA.3, CURLOPT_INTERLEAVEFUNCTION.3, CURLOPT_IOCTLDATA.3, CURLOPT_IOCTLFUNCTION.3, CURLOPT_IPRESOLVE.3, CURLOPT_ISSUERCERT.3, CURLOPT_ISSUERCERT_BLOB.3, CURLOPT_KEEP_SENDING_ON_ERROR.3, CURLOPT_KEYPASSWD.3, CURLOPT_KRBLEVEL.3, CURLOPT_LOCALPORT.3, CURLOPT_LOCALPORTRANGE.3, CURLOPT_LOGIN_OPTIONS.3, CURLOPT_LOW_SPEED_LIMIT.3, CURLOPT_LOW_SPEED_TIME.3, CURLOPT_MAIL_AUTH.3, CURLOPT_MAIL_FROM.3, CURLOPT_MAIL_RCPT.3, CURLOPT_MAIL_RCPT_ALLOWFAILS.3, CURLOPT_MAX_RECV_SPEED_LARGE.3, CURLOPT_MAX_SEND_SPEED_LARGE.3, CURLOPT_MAXAGE_CONN.3, CURLOPT_MAXCONNECTS.3, CURLOPT_MAXFILESIZE.3, CURLOPT_MAXFILESIZE_LARGE.3, CURLOPT_MAXLIFETIME_CONN.3, CURLOPT_MAXREDIRS.3, CURLOPT_MIME_OPTIONS.3, CURLOPT_MIMEPOST.3, CURLOPT_NETRC.3, CURLOPT_NETRC_FILE.3, CURLOPT_NEW_DIRECTORY_PERMS.3, CURLOPT_NEW_FILE_PERMS.3, CURLOPT_NOBODY.3, CURLOPT_NOPROGRESS.3, CURLOPT_NOPROXY.3, CURLOPT_NOSIGNAL.3, CURLOPT_OPENSOCKETDATA.3, CURLOPT_OPENSOCKETFUNCTION.3, CURLOPT_PASSWORD.3, CURLOPT_PATH_AS_IS.3, CURLOPT_PINNEDPUBLICKEY.3, CURLOPT_PIPEWAIT.3, CURLOPT_PORT.3, CURLOPT_POST.3, CURLOPT_POSTFIELDS.3, CURLOPT_POSTFIELDSIZE.3, CURLOPT_POSTFIELDSIZE_LARGE.3, CURLOPT_POSTQUOTE.3, CURLOPT_POSTREDIR.3, CURLOPT_PRE_PROXY.3, CURLOPT_PREQUOTE.3, CURLOPT_PREREQDATA.3, CURLOPT_PREREQFUNCTION.3, CURLOPT_PRIVATE.3, CURLOPT_PROGRESSDATA.3, CURLOPT_PROGRESSFUNCTION.3, CURLOPT_PROTOCOLS.3, CURLOPT_PROTOCOLS_STR.3, CURLOPT_PROXY.3, CURLOPT_PROXY_CAINFO.3, CURLOPT_PROXY_CAINFO_BLOB.3, CURLOPT_PROXY_CAPATH.3, CURLOPT_PROXY_CRLFILE.3, CURLOPT_PROXY_ISSUERCERT.3, CURLOPT_PROXY_ISSUERCERT_BLOB.3, CURLOPT_PROXY_KEYPASSWD.3, CURLOPT_PROXY_PINNEDPUBLICKEY.3, CURLOPT_PROXY_SERVICE_NAME.3, CURLOPT_PROXY_SSL_CIPHER_LIST.3, CURLOPT_PROXY_SSL_OPTIONS.3, CURLOPT_PROXY_SSL_VERIFYHOST.3, CURLOPT_PROXY_SSL_VERIFYPEER.3, CURLOPT_PROXY_SSLCERT.3, CURLOPT_PROXY_SSLCERT_BLOB.3, CURLOPT_PROXY_SSLCERTTYPE.3, CURLOPT_PROXY_SSLKEY.3, CURLOPT_PROXY_SSLKEY_BLOB.3, CURLOPT_PROXY_SSLKEYTYPE.3, CURLOPT_PROXY_SSLVERSION.3, CURLOPT_PROXY_TLS13_CIPHERS.3, CURLOPT_PROXY_TLSAUTH_PASSWORD.3, CURLOPT_PROXY_TLSAUTH_TYPE.3, CURLOPT_PROXY_TLSAUTH_USERNAME.3, CURLOPT_PROXY_TRANSFER_MODE.3, CURLOPT_PROXYAUTH.3, CURLOPT_PROXYHEADER.3, CURLOPT_PROXYPASSWORD.3, CURLOPT_PROXYPORT.3, CURLOPT_PROXYTYPE.3, CURLOPT_PROXYUSERNAME.3, CURLOPT_PROXYUSERPWD.3, CURLOPT_PUT.3, CURLOPT_QUICK_EXIT.3, CURLOPT_QUOTE.3, CURLOPT_RANDOM_FILE.3, CURLOPT_RANGE.3, CURLOPT_READDATA.3, CURLOPT_READFUNCTION.3, CURLOPT_REDIR_PROTOCOLS.3, CURLOPT_REDIR_PROTOCOLS_STR.3, CURLOPT_REFERER.3, CURLOPT_REQUEST_TARGET.3, CURLOPT_RESOLVE.3, CURLOPT_RESOLVER_START_DATA.3, CURLOPT_RESOLVER_START_FUNCTION.3, CURLOPT_RESUME_FROM.3, CURLOPT_RESUME_FROM_LARGE.3, CURLOPT_RTSP_CLIENT_CSEQ.3, CURLOPT_RTSP_REQUEST.3, CURLOPT_RTSP_SERVER_CSEQ.3, CURLOPT_RTSP_SESSION_ID.3, CURLOPT_RTSP_STREAM_URI.3, CURLOPT_RTSP_TRANSPORT.3, CURLOPT_SASL_AUTHZID.3, CURLOPT_SASL_IR.3, CURLOPT_SEEKDATA.3, CURLOPT_SEEKFUNCTION.3, CURLOPT_SERVER_RESPONSE_TIMEOUT.3, CURLOPT_SERVER_RESPONSE_TIMEOUT_MS.3, CURLOPT_SERVICE_NAME.3, CURLOPT_SHARE.3, CURLOPT_SOCKOPTDATA.3, CURLOPT_SOCKOPTFUNCTION.3, CURLOPT_SOCKS5_AUTH.3, CURLOPT_SOCKS5_GSSAPI_NEC.3, CURLOPT_SOCKS5_GSSAPI_SERVICE.3, CURLOPT_SSH_AUTH_TYPES.3, CURLOPT_SSH_COMPRESSION.3, CURLOPT_SSH_HOSTKEYDATA.3, CURLOPT_SSH_HOSTKEYFUNCTION.3, CURLOPT_SSH_HOST_PUBLIC_KEY_MD5.3, CURLOPT_SSH_HOST_PUBLIC_KEY_SHA256.3, CURLOPT_SSH_KEYDATA.3, CURLOPT_SSH_KEYFUNCTION.3, CURLOPT_SSH_KNOWNHOSTS.3, CURLOPT_SSH_PRIVATE_KEYFILE.3, CURLOPT_SSH_PUBLIC_KEYFILE.3, CURLOPT_SSL_CIPHER_LIST.3, CURLOPT_SSL_CTX_DATA.3, CURLOPT_SSL_CTX_FUNCTION.3, CURLOPT_SSL_EC_CURVES.3, CURLOPT_SSL_ENABLE_ALPN.3, CURLOPT_SSL_ENABLE_NPN.3, CURLOPT_SSL_FALSESTART.3, CURLOPT_SSL_OPTIONS.3, CURLOPT_SSL_SESSIONID_CACHE.3, CURLOPT_SSL_SIGNATURE_ALGORITHMS.3, CURLOPT_SSL_VERIFYHOST.3, CURLOPT_SSL_VERIFYPEER.3, CURLOPT_SSL_VERIFYSTATUS.3, CURLOPT_SSLCERT.3, CURLOPT_SSLCERT_BLOB.3, CURLOPT_SSLCERTTYPE.3, CURLOPT_SSLENGINE.3, CURLOPT_SSLENGINE_DEFAULT.3, CURLOPT_SSLKEY.3, CURLOPT_SSLKEY_BLOB.3, CURLOPT_SSLKEYTYPE.3, CURLOPT_SSLVERSION.3, CURLOPT_STDERR.3, CURLOPT_STREAM_DEPENDS.3, CURLOPT_STREAM_DEPENDS_E.3, CURLOPT_STREAM_WEIGHT.3, CURLOPT_SUPPRESS_CONNECT_HEADERS.3, CURLOPT_TCP_FASTOPEN.3, CURLOPT_TCP_KEEPALIVE.3, CURLOPT_TCP_KEEPIDLE.3, CURLOPT_TCP_KEEPINTVL.3, CURLOPT_TCP_KEEPCNT.3, CURLOPT_TCP_NODELAY.3, CURLOPT_TELNETOPTIONS.3, CURLOPT_TFTP_BLKSIZE.3, CURLOPT_TFTP_NO_OPTIONS.3, CURLOPT_TIMECONDITION.3, CURLOPT_TIMEOUT.3, CURLOPT_TIMEOUT_MS.3, CURLOPT_TIMEVALUE.3, CURLOPT_TIMEVALUE_LARGE.3, CURLOPT_TLS13_CIPHERS.3, CURLOPT_TLSAUTH_PASSWORD.3, CURLOPT_TLSAUTH_TYPE.3, CURLOPT_TLSAUTH_USERNAME.3, CURLOPT_TRAILERDATA.3, CURLOPT_TRAILERFUNCTION.3, CURLOPT_TRANSFER_ENCODING.3, CURLOPT_TRANSFERTEXT.3, CURLOPT_UNIX_SOCKET_PATH.3, CURLOPT_UNRESTRICTED_AUTH.3, CURLOPT_UPKEEP_INTERVAL_MS.3, CURLOPT_UPLOAD.3, CURLOPT_UPLOAD_BUFFERSIZE.3, CURLOPT_UPLOAD_FLAGS.3, CURLOPT_URL.3, CURLOPT_USE_SSL.3, CURLOPT_USERAGENT.3, CURLOPT_USERNAME.3, CURLOPT_USERPWD.3, CURLOPT_VERBOSE.3, CURLOPT_WILDCARDMATCH.3, CURLOPT_WRITEDATA.3, CURLOPT_WRITEFUNCTION.3, CURLOPT_WS_OPTIONS.3, CURLOPT_XFERINFODATA.3, CURLOPT_XFERINFOFUNCTION.3, CURLOPT_XOAUTH2_BEARER.3, CURLSHOPT_LOCKFUNC.3, CURLSHOPT_SHARE.3, CURLSHOPT_UNLOCKFUNC.3, CURLSHOPT_UNSHARE.3, CURLSHOPT_USERDATA.3[0m
[  3%] Built target curl-opts-man
[  3%] [34m[1mGenerating libcurl-symbols.md[0m
[  3%] [34m[1mGenerating curl_easy_cleanup.3, curl_easy_duphandle.3, curl_easy_escape.3, curl_easy_getinfo.3, curl_easy_header.3, curl_easy_init.3, curl_easy_nextheader.3, curl_easy_option_by_id.3, curl_easy_option_by_name.3, curl_easy_option_next.3, curl_easy_pause.3, curl_easy_perform.3, curl_easy_recv.3, curl_easy_reset.3, curl_easy_send.3, curl_easy_setopt.3, curl_easy_ssls_export.3, curl_easy_ssls_import.3, curl_easy_strerror.3, curl_easy_unescape.3, curl_easy_upkeep.3, curl_escape.3, curl_formadd.3, curl_formfree.3, curl_formget.3, curl_free.3, curl_getdate.3, curl_getenv.3, curl_global_cleanup.3, curl_global_init.3, curl_global_init_mem.3, curl_global_sslset.3, curl_global_trace.3, curl_mime_addpart.3, curl_mime_data.3, curl_mime_data_cb.3, curl_mime_encoder.3, curl_mime_filedata.3, curl_mime_filename.3, curl_mime_free.3, curl_mime_headers.3, curl_mime_init.3, curl_mime_name.3, curl_mime_subparts.3, curl_mime_type.3, curl_mprintf.3, curl_multi_add_handle.3, curl_multi_assign.3, curl_multi_cleanup.3, curl_multi_fdset.3, curl_multi_get_handles.3, curl_multi_get_offt.3, curl_multi_info_read.3, curl_multi_init.3, curl_multi_notify_disable.3, curl_multi_notify_enable.3, curl_multi_perform.3, curl_multi_poll.3, curl_multi_remove_handle.3, curl_multi_setopt.3, curl_multi_socket.3, curl_multi_socket_action.3, curl_multi_socket_all.3, curl_multi_strerror.3, curl_multi_timeout.3, curl_multi_wait.3, curl_multi_waitfds.3, curl_multi_wakeup.3, curl_pushheader_byname.3, curl_pushheader_bynum.3, curl_share_cleanup.3, curl_share_init.3, curl_share_setopt.3, curl_share_strerror.3, curl_slist_append.3, curl_slist_free_all.3, curl_strequal.3, curl_strnequal.3, curl_unescape.3, curl_url.3, curl_url_cleanup.3, curl_url_dup.3, curl_url_get.3, curl_url_set.3, curl_url_strerror.3, curl_version.3, curl_version_info.3, curl_ws_meta.3, curl_ws_recv.3, curl_ws_send.3, curl_ws_start_frame.3, libcurl-easy.3, libcurl-env-dbg.3, libcurl-env.3, libcurl-errors.3, libcurl-multi.3, libcurl-security.3, libcurl-share.3, libcurl-symbols.3, libcurl-thread.3, libcurl-tutorial.3, libcurl-url.3, libcurl-ws.3, libcurl.3[0m
[  3%] Built target curl-man
[  3%] [34m[1mGenerating curl.1, curl.txt[0m
[  3%] Built target generate-curl.1
[  3%] [32mBuilding C object lib/CMakeFiles/libcurl_shared.dir/altsvc.c.o[0m
[  3%] [32mBuilding C object lib/CMakeFiles/libcurl_shared.dir/amigaos.c.o[0m
[  3%] [32mBuilding C object lib/CMakeFiles/libcurl_shared.dir/asyn-ares.c.o[0m
[  3%] [32mBuilding C object lib/CMakeFiles/libcurl_shared.dir/asyn-base.c.o[0m
[  7%] [32mBuilding C object lib/CMakeFiles/libcurl_shared.dir/asyn-thrdd.c.o[0m
[  7%] [32mBuilding C object lib/CMakeFiles/libcurl_shared.dir/bufq.c.o[0m
[  7%] [32mBuilding C object lib/CMakeFiles/libcurl_shared.dir/bufref.c.o[0m
[  7%] [32mBuilding C object lib/CMakeFiles/libcurl_shared.dir/cf-h1-proxy.c.o[0m
[  7%] [32mBuilding C object lib/CMakeFiles/libcurl_shared.dir/cf-h2-proxy.c.o[0m
[  7%] [32mBuilding C object lib/CMakeFiles/libcurl_shared.dir/cf-haproxy.c.o[0m
[  7%] [32mBuilding C object lib/CMakeFiles/libcurl_shared.dir/cf-https-connect.c.o[0m
[  7%] [32mBuilding C object lib/CMakeFiles/libcurl_shared.dir/cf-ip-happy.c.o[0m
[ 10%] [32mBuilding C object lib/CMakeFiles/libcurl_shared.dir/cf-socket.c.o[0m
[ 10%] [32mBuilding C object lib/CMakeFiles/libcurl_shared.dir/cfilters.c.o[0m
[ 10%] [32mBuilding C object lib/CMakeFiles/libcurl_shared.dir/conncache.c.o[0m
[ 10%] [32mBuilding C object lib/CMakeFiles/libcurl_shared.dir/connect.c.o[0m
[ 10%] [32mBuilding C object lib/CMakeFiles/libcurl_shared.dir/content_encoding.c.o[0m
[ 10%] [32mBuilding C object lib/CMakeFiles/libcurl_shared.dir/cookie.c.o[0m
[ 10%] [32mBuilding C object lib/CMakeFiles/libcurl_shared.dir/cshutdn.c.o[0m
[ 10%] [32mBuilding C object lib/CMakeFiles/libcurl_shared.dir/curl_addrinfo.c.o[0m
[ 10%] [32mBuilding C object lib/CMakeFiles/libcurl_shared.dir/curl_des.c.o[0m
[ 14%] [32mBuilding C object lib/CMakeFiles/libcurl_shared.dir/curl_endian.c.o[0m
[ 14%] [32mBuilding C object lib/CMakeFiles/libcurl_shared.dir/curl_fnmatch.c.o[0m
[ 14%] [32mBuilding C object lib/CMakeFiles/libcurl_shared.dir/curl_fopen.c.o[0m
[ 14%] [32mBuilding C object lib/CMakeFiles/libcurl_shared.dir/curl_get_line.c.o[0m
[ 14%] [32mBuilding C object lib/CMakeFiles/libcurl_shared.dir/curl_gethostname.c.o[0m
[ 14%] [32mBuilding C object lib/CMakeFiles/libcurl_shared.dir/curl_gssapi.c.o[0m
[ 14%] [32mBuilding C object lib/CMakeFiles/libcurl_shared.dir/curl_memrchr.c.o[0m
[ 14%] [32mBuilding C object lib/CMakeFiles/libcurl_shared.dir/curl_ntlm_core.c.o[0m
[ 14%] [32mBuilding C object lib/CMakeFiles/libcurl_shared.dir/curl_range.c.o[0m
[ 17%] [32mBuilding C object lib/CMakeFiles/libcurl_shared.dir/curl_rtmp.c.o[0m
[ 17%] [32mBuilding C object lib/CMakeFiles/libcurl_shared.dir/curl_sasl.c.o[0m
[ 17%] [32mBuilding C object lib/CMakeFiles/libcurl_shared.dir/curl_sha512_256.c.o[0m
[ 17%] [32mBuilding C object lib/CMakeFiles/libcurl_shared.dir/curl_sspi.c.o[0m
[ 17%] [32mBuilding C object lib/CMakeFiles/libcurl_shared.dir/curl_threads.c.o[0m
[ 17%] [32mBuilding C object lib/CMakeFiles/libcurl_shared.dir/curl_trc.c.o[0m
[ 17%] [32mBuilding C object lib/CMakeFiles/libcurl_shared.dir/cw-out.c.o[0m
[ 17%] [32mBuilding C object lib/CMakeFiles/libcurl_shared.dir/cw-pause.c.o[0m
[ 21%] [32mBuilding C object lib/CMakeFiles/libcurl_shared.dir/dict.c.o[0m
[ 21%] [32mBuilding C object lib/CMakeFiles/libcurl_shared.dir/doh.c.o[0m
[ 21%] [32mBuilding C object lib/CMakeFiles/libcurl_shared.dir/dynhds.c.o[0m
[ 21%] [32mBuilding C object lib/CMakeFiles/libcurl_shared.dir/easy.c.o[0m
[ 21%] [32mBuilding C object lib/CMakeFiles/libcurl_shared.dir/easygetopt.c.o[0m
[ 21%] [32mBuilding C object lib/CMakeFiles/libcurl_shared.dir/easyoptions.c.o[0m
[ 21%] [32mBuilding C object lib/CMakeFiles/libcurl_shared.dir/escape.c.o[0m
[ 21%] [32mBuilding C object lib/CMakeFiles/libcurl_shared.dir/fake_addrinfo.c.o[0m
[ 21%] [32mBuilding C object lib/CMakeFiles/libcurl_shared.dir/file.c.o[0m
[ 25%] [32mBuilding C object lib/CMakeFiles/libcurl_shared.dir/fileinfo.c.o[0m
[ 25%] [32mBuilding C object lib/CMakeFiles/libcurl_shared.dir/formdata.c.o[0m
[ 25%] [32mBuilding C object lib/CMakeFiles/libcurl_shared.dir/ftp.c.o[0m
[ 25%] [32mBuilding C object lib/CMakeFiles/libcurl_shared.dir/ftplistparser.c.o[0m
[ 25%] [32mBuilding C object lib/CMakeFiles/libcurl_shared.dir/getenv.c.o[0m
[ 25%] [32mBuilding C object lib/CMakeFiles/libcurl_shared.dir/getinfo.c.o[0m
[ 25%] [32mBuilding C object lib/CMakeFiles/libcurl_shared.dir/gopher.c.o[0m
[ 25%] [32mBuilding C object lib/CMakeFiles/libcurl_shared.dir/hash.c.o[0m
[ 28%] [32mBuilding C object lib/CMakeFiles/libcurl_shared.dir/headers.c.o[0m
[ 28%] [32mBuilding C object lib/CMakeFiles/libcurl_shared.dir/hmac.c.o[0m
[ 28%] [32mBuilding C object lib/CMakeFiles/libcurl_shared.dir/hostip.c.o[0m
[ 28%] [32mBuilding C object lib/CMakeFiles/libcurl_shared.dir/hostip4.c.o[0m
[ 28%] [32mBuilding C object lib/CMakeFiles/libcurl_shared.dir/hostip6.c.o[0m
[ 28%] [32mBuilding C object lib/CMakeFiles/libcurl_shared.dir/hsts.c.o[0m
[ 28%] [32mBuilding C object lib/CMakeFiles/libcurl_shared.dir/http.c.o[0m
[ 28%] [32mBuilding C object lib/CMakeFiles/libcurl_shared.dir/http1.c.o[0m
[ 28%] [32mBuilding C object lib/CMakeFiles/libcurl_shared.dir/http2.c.o[0m
[ 32%] [32mBuilding C object lib/CMakeFiles/libcurl_shared.dir/http_aws_sigv4.c.o[0m
[ 32%] [32mBuilding C object lib/CMakeFiles/libcurl_shared.dir/http_chunks.c.o[0m
[ 32%] [32mBuilding C object lib/CMakeFiles/libcurl_shared.dir/http_digest.c.o[0m
[ 32%] [32mBuilding C object lib/CMakeFiles/libcurl_shared.dir/http_negotiate.c.o[0m
[ 32%] [32mBuilding C object lib/CMakeFiles/libcurl_shared.dir/http_ntlm.c.o[0m
[ 32%] [32mBuilding C object lib/CMakeFiles/libcurl_shared.dir/http_proxy.c.o[0m
[ 32%] [32mBuilding C object lib/CMakeFiles/libcurl_shared.dir/httpsrr.c.o[0m
[ 32%] [32mBuilding C object lib/CMakeFiles/libcurl_shared.dir/idn.c.o[0m
[ 32%] [32mBuilding C object lib/CMakeFiles/libcurl_shared.dir/if2ip.c.o[0m
[ 35%] [32mBuilding C object lib/CMakeFiles/libcurl_shared.dir/imap.c.o[0m
[ 35%] [32mBuilding C object lib/CMakeFiles/libcurl_shared.dir/ldap.c.o[0m
[ 35%] [32mBuilding C object lib/CMakeFiles/libcurl_shared.dir/llist.c.o[0m
[ 35%] [32mBuilding C object lib/CMakeFiles/libcurl_shared.dir/macos.c.o[0m
[ 35%] [32mBuilding C object lib/CMakeFiles/libcurl_shared.dir/md4.c.o[0m
[ 35%] [32mBuilding C object lib/CMakeFiles/libcurl_shared.dir/md5.c.o[0m
[ 35%] [32mBuilding C object lib/CMakeFiles/libcurl_shared.dir/memdebug.c.o[0m
[ 35%] [32mBuilding C object lib/CMakeFiles/libcurl_shared.dir/mime.c.o[0m
[ 39%] [32mBuilding C object lib/CMakeFiles/libcurl_shared.dir/mprintf.c.o[0m
[ 39%] [32mBuilding C object lib/CMakeFiles/libcurl_shared.dir/mqtt.c.o[0m
[ 39%] [32mBuilding C object lib/CMakeFiles/libcurl_shared.dir/multi.c.o[0m
[ 39%] [32mBuilding C object lib/CMakeFiles/libcurl_shared.dir/multi_ev.c.o[0m
[ 39%] [32mBuilding C object lib/CMakeFiles/libcurl_shared.dir/multi_ntfy.c.o[0m
[ 39%] [32mBuilding C object lib/CMakeFiles/libcurl_shared.dir/netrc.c.o[0m
[ 39%] [32mBuilding C object lib/CMakeFiles/libcurl_shared.dir/noproxy.c.o[0m
[ 39%] [32mBuilding C object lib/CMakeFiles/libcurl_shared.dir/openldap.c.o[0m
[ 39%] [32mBuilding C object lib/CMakeFiles/libcurl_shared.dir/parsedate.c.o[0m
[ 42%] [32mBuilding C object lib/CMakeFiles/libcurl_shared.dir/pingpong.c.o[0m
[ 42%] [32mBuilding C object lib/CMakeFiles/libcurl_shared.dir/pop3.c.o[0m
[ 42%] [32mBuilding C object lib/CMakeFiles/libcurl_shared.dir/progress.c.o[0m
[ 42%] [32mBuilding C object lib/CMakeFiles/libcurl_shared.dir/psl.c.o[0m
[ 42%] [32mBuilding C object lib/CMakeFiles/libcurl_shared.dir/rand.c.o[0m
[ 42%] [32mBuilding C object lib/CMakeFiles/libcurl_shared.dir/rename.c.o[0m
[ 42%] [32mBuilding C object lib/CMakeFiles/libcurl_shared.dir/request.c.o[0m
[ 42%] [32mBuilding C object lib/CMakeFiles/libcurl_shared.dir/rtsp.c.o[0m
[ 42%] [32mBuilding C object lib/CMakeFiles/libcurl_shared.dir/select.c.o[0m
[ 46%] [32mBuilding C object lib/CMakeFiles/libcurl_shared.dir/sendf.c.o[0m
[ 46%] [32mBuilding C object lib/CMakeFiles/libcurl_shared.dir/setopt.c.o[0m
[ 46%] [32mBuilding C object lib/CMakeFiles/libcurl_shared.dir/sha256.c.o[0m
[ 46%] [32mBuilding C object lib/CMakeFiles/libcurl_shared.dir/share.c.o[0m
[ 46%] [32mBuilding C object lib/CMakeFiles/libcurl_shared.dir/slist.c.o[0m
[ 46%] [32mBuilding C object lib/CMakeFiles/libcurl_shared.dir/smb.c.o[0m
[ 46%] [32mBuilding C object lib/CMakeFiles/libcurl_shared.dir/smtp.c.o[0m
[ 46%] [32mBuilding C object lib/CMakeFiles/libcurl_shared.dir/socketpair.c.o[0m
[ 50%] [32mBuilding C object lib/CMakeFiles/libcurl_shared.dir/socks.c.o[0m
[ 50%] [32mBuilding C object lib/CMakeFiles/libcurl_shared.dir/socks_gssapi.c.o[0m
[ 50%] [32mBuilding C object lib/CMakeFiles/libcurl_shared.dir/socks_sspi.c.o[0m
[ 50%] [32mBuilding C object lib/CMakeFiles/libcurl_shared.dir/speedcheck.c.o[0m
[ 50%] [32mBuilding C object lib/CMakeFiles/libcurl_shared.dir/splay.c.o[0m
[ 50%] [32mBuilding C object lib/CMakeFiles/libcurl_shared.dir/strcase.c.o[0m
[ 50%] [32mBuilding C object lib/CMakeFiles/libcurl_shared.dir/strdup.c.o[0m
[ 50%] [32mBuilding C object lib/CMakeFiles/libcurl_shared.dir/strequal.c.o[0m
[ 50%] [32mBuilding C object lib/CMakeFiles/libcurl_shared.dir/strerror.c.o[0m
[ 53%] [32mBuilding C object lib/CMakeFiles/libcurl_shared.dir/system_win32.c.o[0m
[ 53%] [32mBuilding C object lib/CMakeFiles/libcurl_shared.dir/telnet.c.o[0m
[ 53%] [32mBuilding C object lib/CMakeFiles/libcurl_shared.dir/tftp.c.o[0m
[ 53%] [32mBuilding C object lib/CMakeFiles/libcurl_shared.dir/transfer.c.o[0m
[ 53%] [32mBuilding C object lib/CMakeFiles/libcurl_shared.dir/uint-bset.c.o[0m
[ 53%] [32mBuilding C object lib/CMakeFiles/libcurl_shared.dir/uint-hash.c.o[0m
[ 53%] [32mBuilding C object lib/CMakeFiles/libcurl_shared.dir/uint-spbset.c.o[0m
[ 53%] [32mBuilding C object lib/CMakeFiles/libcurl_shared.dir/uint-table.c.o[0m
[ 57%] [32mBuilding C object lib/CMakeFiles/libcurl_shared.dir/url.c.o[0m
[ 57%] [32mBuilding C object lib/CMakeFiles/libcurl_shared.dir/urlapi.c.o[0m
[ 57%] [32mBuilding C object lib/CMakeFiles/libcurl_shared.dir/version.c.o[0m
[ 57%] [32mBuilding C object lib/CMakeFiles/libcurl_shared.dir/ws.c.o[0m
[ 57%] [32mBuilding C object lib/CMakeFiles/libcurl_shared.dir/vauth/cleartext.c.o[0m
[ 57%] [32mBuilding C object lib/CMakeFiles/libcurl_shared.dir/vauth/cram.c.o[0m
[ 57%] [32mBuilding C object lib/CMakeFiles/libcurl_shared.dir/vauth/digest.c.o[0m
[ 57%] [32mBuilding C object lib/CMakeFiles/libcurl_shared.dir/vauth/digest_sspi.c.o[0m
[ 57%] [32mBuilding C object lib/CMakeFiles/libcurl_shared.dir/vauth/gsasl.c.o[0m
[ 60%] [32mBuilding C object lib/CMakeFiles/libcurl_shared.dir/vauth/krb5_gssapi.c.o[0m
[ 60%] [32mBuilding C object lib/CMakeFiles/libcurl_shared.dir/vauth/krb5_sspi.c.o[0m
[ 60%] [32mBuilding C object lib/CMakeFiles/libcurl_shared.dir/vauth/ntlm.c.o[0m
[ 60%] [32mBuilding C object lib/CMakeFiles/libcurl_shared.dir/vauth/ntlm_sspi.c.o[0m
[ 60%] [32mBuilding C object lib/CMakeFiles/libcurl_shared.dir/vauth/oauth2.c.o[0m
[ 60%] [32mBuilding C object lib/CMakeFiles/libcurl_shared.dir/vauth/spnego_gssapi.c.o[0m
[ 60%] [32mBuilding C object lib/CMakeFiles/libcurl_shared.dir/vauth/spnego_sspi.c.o[0m
[ 60%] [32mBuilding C object lib/CMakeFiles/libcurl_shared.dir/vauth/vauth.c.o[0m
[ 60%] [32mBuilding C object lib/CMakeFiles/libcurl_shared.dir/vtls/apple.c.o[0m
[ 64%] [32mBuilding C object lib/CMakeFiles/libcurl_shared.dir/vtls/cipher_suite.c.o[0m
[ 64%] [32mBuilding C object lib/CMakeFiles/libcurl_shared.dir/vtls/gtls.c.o[0m
[ 64%] [32mBuilding C object lib/CMakeFiles/libcurl_shared.dir/vtls/hostcheck.c.o[0m
[ 64%] [32mBuilding C object lib/CMakeFiles/libcurl_shared.dir/vtls/keylog.c.o[0m
[ 64%] [32mBuilding C object lib/CMakeFiles/libcurl_shared.dir/vtls/mbedtls.c.o[0m
[ 64%] [32mBuilding C object lib/CMakeFiles/libcurl_shared.dir/vtls/mbedtls_threadlock.c.o[0m
[ 64%] [32mBuilding C object lib/CMakeFiles/libcurl_shared.dir/vtls/openssl.c.o[0m
[ 64%] [32mBuilding C object lib/CMakeFiles/libcurl_shared.dir/vtls/rustls.c.o[0m
[ 67%] [32mBuilding C object lib/CMakeFiles/libcurl_shared.dir/vtls/schannel.c.o[0m
[ 67%] [32mBuilding C object lib/CMakeFiles/libcurl_shared.dir/vtls/schannel_verify.c.o[0m
[ 67%] [32mBuilding C object lib/CMakeFiles/libcurl_shared.dir/vtls/vtls.c.o[0m
[ 67%] [32mBuilding C object lib/CMakeFiles/libcurl_shared.dir/vtls/vtls_scache.c.o[0m
[ 67%] [32mBuilding C object lib/CMakeFiles/libcurl_shared.dir/vtls/vtls_spack.c.o[0m
[ 67%] [32mBuilding C object lib/CMakeFiles/libcurl_shared.dir/vtls/wolfssl.c.o[0m
[ 67%] [32mBuilding C object lib/CMakeFiles/libcurl_shared.dir/vtls/x509asn1.c.o[0m
[ 67%] [32mBuilding C object lib/CMakeFiles/libcurl_shared.dir/vquic/curl_ngtcp2.c.o[0m
[ 67%] [32mBuilding C object lib/CMakeFiles/libcurl_shared.dir/vquic/curl_osslq.c.o[0m
[ 71%] [32mBuilding C object lib/CMakeFiles/libcurl_shared.dir/vquic/curl_quiche.c.o[0m
[ 71%] [32mBuilding C object lib/CMakeFiles/libcurl_shared.dir/vquic/vquic.c.o[0m
[ 71%] [32mBuilding C object lib/CMakeFiles/libcurl_shared.dir/vquic/vquic-tls.c.o[0m
[ 71%] [32mBuilding C object lib/CMakeFiles/libcurl_shared.dir/vssh/libssh.c.o[0m
[ 71%] [32mBuilding C object lib/CMakeFiles/libcurl_shared.dir/vssh/libssh2.c.o[0m
[1m/repo/lib/vssh/libssh2.c:463:12: [0m[0;1;31merror: [0m[1muse of undeclared
      identifier 'LIBSSH2_HOSTKEY_TYPE_ECDSA_256'[0m
  463 |       [0;34mcase[0m LIBSSH2_HOSTKEY_TYPE_ECDSA_256:[0m
      | [0;1;32m           ^~~~~~~~~~~~~~~~~~~~~~~~~~~~~~
[0m[1m/repo/lib/vssh/libssh2.c:464:18: [0m[0;1;31merror: [0m[1muse of undeclared
      identifier 'LIBSSH2_KNOWNHOST_KEY_ECDSA_256'[0m
  464 |         keybit = LIBSSH2_KNOWNHOST_KEY_ECDSA_256;[0m
      | [0;1;32m                 ^~~~~~~~~~~~~~~~~~~~~~~~~~~~~~~
[0m[1m/repo/lib/vssh/libssh2.c:466:12: [0m[0;1;31merror: [0m[1muse of undeclared
      identifier 'LIBSSH2_HOSTKEY_TYPE_ECDSA_384'[0m
  466 |       [0;34mcase[0m LIBSSH2_HOSTKEY_TYPE_ECDSA_384:[0m
      | [0;1;32m           ^~~~~~~~~~~~~~~~~~~~~~~~~~~~~~
[0m[1m/repo/lib/vssh/libssh2.c:467:18: [0m[0;1;31merror: [0m[1muse of undeclared
      identifier 'LIBSSH2_KNOWNHOST_KEY_ECDSA_384'[0m
  467 |         keybit = LIBSSH2_KNOWNHOST_KEY_ECDSA_384;[0m
      | [0;1;32m                 ^~~~~~~~~~~~~~~~~~~~~~~~~~~~~~~
[0m[1m/repo/lib/vssh/libssh2.c:469:12: [0m[0;1;31merror: [0m[1muse of undeclared
      identifier 'LIBSSH2_HOSTKEY_TYPE_ECDSA_521'[0m
  469 |       [0;34mcase[0m LIBSSH2_HOSTKEY_TYPE_ECDSA_521:[0m
      | [0;1;32m           ^~~~~~~~~~~~~~~~~~~~~~~~~~~~~~
[0m[1m/repo/lib/vssh/libssh2.c:470:18: [0m[0;1;31merror: [0m[1muse of undeclared
      identifier 'LIBSSH2_KNOWNHOST_KEY_ECDSA_521'[0m
  470 |         keybit = LIBSSH2_KNOWNHOST_KEY_ECDSA_521;[0m
      | [0;1;32m                 ^~~~~~~~~~~~~~~~~~~~~~~~~~~~~~~
[0m[1m/repo/lib/vssh/libssh2.c:472:12: [0m[0;1;31merror: [0m[1muse of undeclared
      identifier 'LIBSSH2_HOSTKEY_TYPE_ED25519'[0m
  472 |       [0;34mcase[0m LIBSSH2_HOSTKEY_TYPE_ED25519:[0m
      | [0;1;32m           ^~~~~~~~~~~~~~~~~~~~~~~~~~~~
[0m[1m/repo/lib/vssh/libssh2.c:473:18: [0m[0;1;31merror: [0m[1muse of undeclared
      identifier 'LIBSSH2_KNOWNHOST_KEY_ED25519'[0m
  473 |         keybit = LIBSSH2_KNOWNHOST_KEY_ED25519;[0m
      | [0;1;32m                 ^~~~~~~~~~~~~~~~~~~~~~~~~~~~~
[0m[1m/repo/lib/vssh/libssh2.c:599:40: [0m[0;1;31merror: [0m[1muse of undeclared
      identifier 'LIBSSH2_HOSTKEY_HASH_SHA256'[0m
  599 |                                        LIBSSH2_HOSTKEY_HASH_SHA256);[0m
      | [0;1;32m                                       ^~~~~~~~~~~~~~~~~~~~~~~~~~~
[0m[1m/repo/lib/vssh/libssh2.c:799:12: [0m[0;1;31merror: [0m[1muse of undeclared
      identifier 'LIBSSH2_KNOWNHOST_KEY_ED25519'[0m
  799 |       [0;34mcase[0m LIBSSH2_KNOWNHOST_KEY_ED25519:[0m
      | [0;1;32m           ^~~~~~~~~~~~~~~~~~~~~~~~~~~~~
[0m[1m/repo/lib/vssh/libssh2.c:802:12: [0m[0;1;31merror: [0m[1muse of undeclared
      identifier 'LIBSSH2_KNOWNHOST_KEY_ECDSA_521'[0m
  802 |       [0;34mcase[0m LIBSSH2_KNOWNHOST_KEY_ECDSA_521:[0m
      | [0;1;32m           ^~~~~~~~~~~~~~~~~~~~~~~~~~~~~~~
[0m[1m/repo/lib/vssh/libssh2.c:805:12: [0m[0;1;31merror: [0m[1muse of undeclared
      identifier 'LIBSSH2_KNOWNHOST_KEY_ECDSA_384'[0m
  805 |       [0;34mcase[0m LIBSSH2_KNOWNHOST_KEY_ECDSA_384:[0m
      | [0;1;32m           ^~~~~~~~~~~~~~~~~~~~~~~~~~~~~~~
[0m[1m/repo/lib/vssh/libssh2.c:808:12: [0m[0;1;31merror: [0m[1muse of undeclared
      identifier 'LIBSSH2_KNOWNHOST_KEY_ECDSA_256'[0m
  808 |       [0;34mcase[0m LIBSSH2_KNOWNHOST_KEY_ECDSA_256:[0m
      | [0;1;32m           ^~~~~~~~~~~~~~~~~~~~~~~~~~~~~~~
[0m13 errors generated.
make[2]: *** [lib/CMakeFiles/libcurl_shared.dir/build.make:2358: lib/CMakeFiles/libcurl_shared.dir/vssh/libssh2.c.o] Error 1
make[1]: *** [CMakeFiles/Makefile2:831: lib/CMakeFiles/libcurl_shared.dir/all] Error 2
make: *** [Makefile:156: all] Error 2
The command execution failed, so I have reverted it back to the previous state, which is the environment before running this command.

`make` executes with returncode: 2

[Current directory]:
/src
You are currently in a [gcr.io/oss-fuzz-base/base-builder] container.

ENVIRONMENT REMINDER: You have 91 turns left to complete the task.
The container has successfully executed the following commands in order. Please refer to the execution history, reflect, and decide the subsequent actions. Remember, your ultimate goal is to pass the tests by executing `runtest`.
apt-get install libssl-dev
apt-get install libmbedtls-dev
apt-get install libwolfssl-dev
apt-get install libgnutls28-dev
apt-get install libnghttp2-dev
apt-get install libldap2-dev
apt-get install libidn2-0-dev
apt-get install libpsl-dev
apt-get install libssh2-1-dev
apt-get install libssh-dev
apt-get install libgsasl7-dev
apt-get install libuv1-dev
apt-get install librtmp-dev
cd /src && apt-cache search c-ares
cd /src && mkdir /repo/build
cd /repo/build && cmake ..
---------------------------
### Thought:
The root directory contains several important files and directories, including `CMakeLists.txt`, `configure.ac`, `Makefile.am`, and various subdirectories like `src`, `tests`, and `lib`. To proceed, I need to examine the `CMakeLists.txt` and `configure.ac` files to identify the build dependencies and configuration steps.

### Action:
```bash
grep -n "find_package\|PKG_CHECK" /repo/CMakeLists.txt
```
### Observation:
Running `grep -n "find_package\|PKG_CHECK" /repo/CMakeLists.txt`...
[32m[K403[m[K[36m[K:[m[K  [01;31m[Kfind_package[m[K(Cares REQUIRED)
[32m[K544[m[K[36m[K:[m[K[01;31m[Kfind_package[m[K(Perl)
[32m[K618[m[K[36m[K:[m[K    [01;31m[Kfind_package[m[K(Threads REQUIRED)
[32m[K804[m[K[36m[K:[m[K  [01;31m[Kfind_package[m[K(OpenSSL REQUIRED)
[32m[K852[m[K[36m[K:[m[K  [01;31m[Kfind_package[m[K(MbedTLS REQUIRED)
[32m[K874[m[K[36m[K:[m[K  [01;31m[Kfind_package[m[K(WolfSSL REQUIRED)
[32m[K894[m[K[36m[K:[m[K    [01;31m[Kfind_package[m[K(PkgConfig QUIET)
[32m[K905[m[K[36m[K:[m[K    [01;31m[Kfind_package[m[K(GnuTLS REQUIRED)
[32m[K907[m[K[36m[K:[m[K  [01;31m[Kfind_package[m[K(Nettle REQUIRED)
... (12 lines omitted) ...
[32m[K1233[m[K[36m[K:[m[K  [01;31m[Kfind_package[m[K(NGHTTP3 REQUIRED)
[32m[K1267[m[K[36m[K:[m[K    [01;31m[Kfind_package[m[K(LDAP)
[32m[K1345[m[K[36m[K:[m[K  [01;31m[Kfind_package[m[K(Libidn2)
[32m[K1366[m[K[36m[K:[m[K  [01;31m[Kfind_package[m[K(Libpsl REQUIRED)
[32m[K1384[m[K[36m[K:[m[K  [01;31m[Kfind_package[m[K(Libssh2)
[32m[K1402[m[K[36m[K:[m[K  [01;31m[Kfind_package[m[K(Libssh REQUIRED)
[32m[K1417[m[K[36m[K:[m[K  [01;31m[Kfind_package[m[K(Libgsasl REQUIRED)
[32m[K1433[m[K[36m[K:[m[K  [01;31m[Kfind_package[m[K(GSS)
[32m[K1462[m[K[36m[K:[m[K  [01;31m[Kfind_package[m[K(Libuv REQUIRED)
[32m[K1477[m[K[36m[K:[m[K  [01;31m[Kfind_package[m[K(Librtmp REQUIRED)
`grep -n "find_package\|PKG_CHECK" /repo/CMakeLists.txt` executes with returncode: 0

[Current directory]:
/src
You are currently in a [gcr.io/oss-fuzz-base/base-builder] container.

ENVIRONMENT REMINDER: You have 90 turns left to complete the task.
The container has successfully executed the following commands in order. Please refer to the execution history, reflect, and decide the subsequent actions. Remember, your ultimate goal is to pass the tests by executing `runtest`.
apt-get install libssl-dev
apt-get install libmbedtls-dev
apt-get install libwolfssl-dev
apt-get install libgnutls28-dev
apt-get install libnghttp2-dev
apt-get install libldap2-dev
apt-get install libidn2-0-dev
apt-get install libpsl-dev
apt-get install libssh2-1-dev
apt-get install libssh-dev
apt-get install libgsasl7-dev
apt-get install libuv1-dev
apt-get install librtmp-dev
cd /src && apt-cache search c-ares
cd /src && mkdir /repo/build
cd /repo/build && cmake ..
---------------------------
### Thought:
The `CMakeLists.txt` file indicates several dependencies that need to be installed, such as `Cares`, `OpenSSL`, `MbedTLS`, `WolfSSL`, `GnuTLS`, `NGHTTP3`, `LDAP`, `Libidn2`, `Libpsl`, `Libssh2`, `Libssh`, `Libgsasl`, `Libuv`, and `Librtmp`. I will add these dependencies to the waiting list for installation.

### Action:
```bash
waitinglist add -p libssl-dev -t apt && waitinglist add -p libmbedtls-dev -t apt && waitinglist add -p libwolfssl-dev -t apt && waitinglist add -p libgnutls28-dev -t apt && waitinglist add -p libnghttp2-dev -t apt && waitinglist add -p libldap2-dev -t apt && waitinglist add -p libidn2-0-dev -t apt && waitinglist add -p libpsl-dev -t apt && waitinglist add -p libssh2-1-dev -t apt && waitinglist add -p libssh-dev -t apt && waitinglist add -p libgsasl7-dev -t apt && waitinglist add -p libuv1-dev -t apt && waitinglist add -p librtmp-dev -t apt
```
### Observation:
Running `waitinglist add -p libssl-dev -t apt`...
'libssl-dev' (using apt to download) has been added into the waiting list. If you have multiple elements to add to the waitinglist, you can use && to connect multiple `waitinglist add` statements and surround them with ```bash and ```. Please make sure to write the complete statements; we will only recognize complete statements. Do not use ellipses or other incomplete forms.

Running `waitinglist add -p libmbedtls-dev -t apt`...
'libmbedtls-dev' (using apt to download) has been added into the waiting list. If you have multiple elements to add to the waitinglist, you can use && to connect multiple `waitinglist add` statements and surround them with ```bash and ```. Please make sure to write the complete statements; we will only recognize complete statements. Do not use ellipses or other incomplete forms.

Running `waitinglist add -p libwolfssl-dev -t apt`...
'libwolfssl-dev' (using apt to download) has been added into the waiting list. If you have multiple elements to add to the waitinglist, you can use && to connect multiple `waitinglist add` statements and surround them with ```bash and ```. Please make sure to write the complete statements; we will only recognize complete statements. Do not use ellipses or other incomplete forms.

Running `waitinglist add -p libgnutls28-dev -t apt`...
'libgnutls28-dev' (using apt to download) has been added into the waiting list. If you have multiple elements to add to the waitinglist, you can use && to connect multiple `waitinglist add` statements and surround them with ```bash and ```. Please make sure to write the complete statements; we will only recognize complete statements. Do not use ellipses or other incomplete forms.

Running `waitinglist add -p libnghttp2-dev -t apt`...
'libnghttp2-dev' (using apt to download) has been added into the waiting list. If you have multiple elements to add to the waitinglist, you can use && to connect multiple `waitinglist add` statements and surround them with ```bash and ```. Please make sure to write the complete statements; we will only recognize complete statements. Do not use ellipses or other incomplete forms.

Running `waitinglist add -p libldap2-dev -t apt`...
'libldap2-dev' (using apt to download) has been added into the waiting list. If you have multiple elements to add to the waitinglist, you can use && to connect multiple `waitinglist add` statements and surround them with ```bash and ```. Please make sure to write the complete statements; we will only recognize complete statements. Do not use ellipses or other incomplete forms.

Running `waitinglist add -p libidn2-0-dev -t apt`...
'libidn2-0-dev' (using apt to download) has been added into the waiting list. If you have multiple elements to add to the waitinglist, you can use && to connect multiple `waitinglist add` statements and surround them with ```bash and ```. Please make sure to write the complete statements; we will only recognize complete statements. Do not use ellipses or other incomplete forms.

Running `waitinglist add -p libpsl-dev -t apt`...
'libpsl-dev' (using apt to download) has been added into the waiting list. If you have multiple elements to add to the waitinglist, you can use && to connect multiple `waitinglist add` statements and surround them with ```bash and ```. Please make sure to write the complete statements; we will only recognize complete statements. Do not use ellipses or other incomplete forms.

Running `waitinglist add -p libssh2-1-dev -t apt`...
'libssh2-1-dev' (using apt to download) has been added into the waiting list. If you have multiple elements to add to the waitinglist, you can use && to connect multiple `waitinglist add` statements and surround them with ```bash and ```. Please make sure to write the complete statements; we will only recognize complete statements. Do not use ellipses or other incomplete forms.

Running `waitinglist add -p libssh-dev -t apt`...
'libssh-dev' (using apt to download) has been added into the waiting list. If you have multiple elements to add to the waitinglist, you can use && to connect multiple `waitinglist add` statements and surround them with ```bash and ```. Please make sure to write the complete statements; we will only recognize complete statements. Do not use ellipses or other incomplete forms.

Running `waitinglist add -p libgsasl7-dev -t apt`...
'libgsasl7-dev' (using apt to download) has been added into the waiting list. If you have multiple elements to add to the waitinglist, you can use && to connect multiple `waitinglist add` statements and surround them with ```bash and ```. Please make sure to write the complete statements; we will only recognize complete statements. Do not use ellipses or other incomplete forms.

Running `waitinglist add -p libuv1-dev -t apt`...
'libuv1-dev' (using apt to download) has been added into the waiting list. If you have multiple elements to add to the waitinglist, you can use && to connect multiple `waitinglist add` statements and surround them with ```bash and ```. Please make sure to write the complete statements; we will only recognize complete statements. Do not use ellipses or other incomplete forms.

Running `waitinglist add -p librtmp-dev -t apt`...
'librtmp-dev' (using apt to download) has been added into the waiting list. If you have multiple elements to add to the waitinglist, you can use && to connect multiple `waitinglist add` statements and surround them with ```bash and ```. Please make sure to write the complete statements; we will only recognize complete statements. Do not use ellipses or other incomplete forms.


[Current directory]:
/src
You are currently in a [gcr.io/oss-fuzz-base/base-builder] container.

ENVIRONMENT REMINDER: You have 89 turns left to complete the task.
The container has successfully executed the following commands in order. Please refer to the execution history, reflect, and decide the subsequent actions. Remember, your ultimate goal is to pass the tests by executing `runtest`.
apt-get install libssl-dev
apt-get install libmbedtls-dev
apt-get install libwolfssl-dev
apt-get install libgnutls28-dev
apt-get install libnghttp2-dev
apt-get install libldap2-dev
apt-get install libidn2-0-dev
apt-get install libpsl-dev
apt-get install libssh2-1-dev
apt-get install libssh-dev
apt-get install libgsasl7-dev
apt-get install libuv1-dev
apt-get install librtmp-dev
cd /src && apt-cache search c-ares
cd /src && mkdir /repo/build
cd /repo/build && cmake ..
---------------------------
### Thought:
I have added the necessary dependencies to the waiting list. Now, I will proceed to download and install these dependencies.

### Action:
```bash
download
```
### Observation:
Running `download`...
'libc-ares-dev' has been removed from the waiting list.
"libc-ares-dev" installed successfully.
'libssl-dev' has been removed from the waiting list.
"libssl-dev" installed successfully.
'libmbedtls-dev' has been removed from the waiting list.
"libmbedtls-dev" installed successfully.
'libwolfssl-dev' has been removed from the waiting list.
"libwolfssl-dev" installed successfully.
'libgnutls28-dev' has been removed from the waiting list.
... (25 lines omitted) ...
libnghttp2-dev (using tool apt)
libldap2-dev (using tool apt)
libidn2-0-dev (using tool apt)
libpsl-dev (using tool apt)
libssh2-1-dev (using tool apt)
libssh-dev (using tool apt)
libgsasl7-dev (using tool apt)
libuv1-dev (using tool apt)
librtmp-dev (using tool apt)
No third-party libraries failed to download in this round.
[Current directory]:
/src
You are currently in a [gcr.io/oss-fuzz-base/base-builder] container.

ENVIRONMENT REMINDER: You have 88 turns left to complete the task.
The container has successfully executed the following commands in order. Please refer to the execution history, reflect, and decide the subsequent actions. Remember, your ultimate goal is to pass the tests by executing `runtest`.
apt-get install libssl-dev
apt-get install libmbedtls-dev
apt-get install libwolfssl-dev
apt-get install libgnutls28-dev
apt-get install libnghttp2-dev
apt-get install libldap2-dev
apt-get install libidn2-0-dev
apt-get install libpsl-dev
apt-get install libssh2-1-dev
apt-get install libssh-dev
apt-get install libgsasl7-dev
apt-get install libuv1-dev
apt-get install librtmp-dev
cd /src && apt-cache search c-ares
cd /src && mkdir /repo/build
cd /repo/build && cmake ..
apt-get install libc-ares-dev
apt-get install libssl-dev
apt-get install libmbedtls-dev
apt-get install libwolfssl-dev
apt-get install libgnutls28-dev
apt-get install libnghttp2-dev
apt-get install libldap2-dev
apt-get install libidn2-0-dev
apt-get install libpsl-dev
apt-get install libssh2-1-dev
apt-get install libssh-dev
apt-get install libgsasl7-dev
apt-get install libuv1-dev
apt-get install librtmp-dev
---------------------------
### Thought:
The necessary dependencies have been successfully installed. Now, I will proceed to configure the build environment using CMake.

### Action:
```bash
cd /repo && mkdir build && cd build && cmake ..
```
### Observation:
Running `cd /repo`...


`cd /repo` executes with returncode: 0
Running `mkdir build`...
mkdir: cannot create directory 'build': File exists
The command execution failed, so I have reverted it back to the previous state, which is the environment before running this command.

`mkdir build` executes with returncode: 1
Running `cd build`...
bash: cd: build: No such file or directory
The command execution failed, please carefully check the output!

`cd build` executes with returncode: 1
Running `cmake ..`...
[33mCMake Warning:
  Ignoring extra path from command line:

   ".."

[0m
[0mCMake Error: The source directory "/" does not appear to contain CMakeLists.txt.
Specify --help for usage, or press the help button on the CMake GUI.[0m
The command execution failed, so I have reverted it back to the previous state, which is the environment before running this command.

`cmake ..` executes with returncode: 1

[Current directory]:
/src
You are currently in a [gcr.io/oss-fuzz-base/base-builder] container.

ENVIRONMENT REMINDER: You have 87 turns left to complete the task.
The container has successfully executed the following commands in order. Please refer to the execution history, reflect, and decide the subsequent actions. Remember, your ultimate goal is to pass the tests by executing `runtest`.
apt-get install libssl-dev
apt-get install libmbedtls-dev
apt-get install libwolfssl-dev
apt-get install libgnutls28-dev
apt-get install libnghttp2-dev
apt-get install libldap2-dev
apt-get install libidn2-0-dev
apt-get install libpsl-dev
apt-get install libssh2-1-dev
apt-get install libssh-dev
apt-get install libgsasl7-dev
apt-get install libuv1-dev
apt-get install librtmp-dev
cd /src && apt-cache search c-ares
cd /src && mkdir /repo/build
cd /repo/build && cmake ..
apt-get install libc-ares-dev
apt-get install libssl-dev
apt-get install libmbedtls-dev
apt-get install libwolfssl-dev
apt-get install libgnutls28-dev
apt-get install libnghttp2-dev
apt-get install libldap2-dev
apt-get install libidn2-0-dev
apt-get install libpsl-dev
apt-get install libssh2-1-dev
apt-get install libssh-dev
apt-get install libgsasl7-dev
apt-get install libuv1-dev
apt-get install librtmp-dev
---------------------------
### Thought:
It seems that the `build` directory already exists. I will navigate to the `build` directory and run the `cmake ..` command from there.

### Action:
```bash
cd /repo/build && cmake ..
```
### Observation:
Running `cd /repo/build`...


`cd /repo/build` executes with returncode: 0
Running `cmake ..`...
-- Using CMake version 3.29.2
-- curl version=[8.17.0-DEV]
-- CMake platform flags: UNIX LLVM-CLANG
-- Picky compiler options: -Werror-implicit-function-declaration -Wextra -Wall -pedantic -Wbad-function-cast -Wconversion -Wmissing-declarations -Wmissing-prototypes -Wnested-externs -Wno-long-long -Wno-multichar -Wpointer-arith -Wshadow -Wsign-compare -Wundef -Wunused -Wwrite-strings -Waddress -Wattributes -Wcast-align -Wcast-qual -Wdeclaration-after-statement -Wdiv-by-zero -Wempty-body -Wendif-labels -Wfloat-equal -Wformat-security -Wignored-qualifiers -Wmissing-field-initializers -Wmissing-noreturn -Wno-format-nonliteral -Wno-padded -Wno-sign-conversion -Wno-switch-default -Wno-switch-enum -Wno-system-headers -Wold-style-definition -Wredundant-decls -Wstrict-prototypes -Wtype-limits -Wunreachable-code -Wunused-parameter -Wvla -Wconditional-uninitialized -Wno-used-but-marked-unused -Wshift-sign-overflow -Wshorten-64-to-32 -Wformat=2 -Wlanguage-extension-token -Wno-covered-switch-default -Wno-disabled-macro-expansion -Wformat-non-iso -Wenum-conversion -Wmissing-variable-declarations -Wno-documentation-unknown-command -Wsometimes-uninitialized -Wdouble-promotion -Wheader-guard -Wpragmas -Wunused-const-variable -Wcomma -Wassign-enum -Wextra-semi-stmt -Wimplicit-fallthrough -Wxor-used-as-pow -Wcast-function-type -Wreserved-identifier -Wno-reserved-macro-identifier -Wno-unsafe-buffer-usage -Wcast-function-type-strict -Warray-compare -Wc++-hidden-decl -Wno-implicit-void-ptr-cast -Wtentative-definition-compat -Wc++-keyword
-- Could NOT find Brotli (missing: BROTLI_INCLUDE_DIR BROTLIDEC_LIBRARY BROTLICOMMON_LIBRARY) 
-- Could NOT find Zstd (missing: ZSTD_INCLUDE_DIR ZSTD_LIBRARY) 
-- Found NGHTTP2 (via pkg-config): /usr/include (found version "1.40.0")
-- Found Libidn2 (via pkg-config): /usr/include (found version "2.2.0")
-- Found Libpsl (via pkg-config): /usr/include (found version "0.21.0")
-- Found Libssh2 (via pkg-config): /usr/include (found version "1.8.0")
-- Enabled examples with dependencies: cacertinmem:USE_OPENSSL multithread:HAVE_PTHREAD_H threaded-ssl:HAVE_PTHREAD_H usercertinmem:USE_OPENSSL
-- Protocols: dict file ftp ftps gopher gophers http https imap imaps ipfs ipns ldap ldaps mqtt pop3 pop3s rtsp scp sftp smb smbs smtp smtps telnet tftp ws wss
-- Features: alt-svc AsynchDNS HSTS HTTP2 HTTPS-proxy IDN IPv6 Largefile libz NTLM PSL SSL threadsafe TLS-SRP UnixSockets
-- Enabled SSL backends: OpenSSL
-- Configuring done (0.1s)
-- Generating done (0.3s)
-- Build files have been written to: /repo/build

`cmake ..` executes with returncode: 0

[Current directory]:
/repo/build
You are currently in a [gcr.io/oss-fuzz-base/base-builder] container.

ENVIRONMENT REMINDER: You have 86 turns left to complete the task.
The container has successfully executed the following commands in order. Please refer to the execution history, reflect, and decide the subsequent actions. Remember, your ultimate goal is to pass the tests by executing `runtest`.
apt-get install libssl-dev
apt-get install libmbedtls-dev
apt-get install libwolfssl-dev
apt-get install libgnutls28-dev
apt-get install libnghttp2-dev
apt-get install libldap2-dev
apt-get install libidn2-0-dev
apt-get install libpsl-dev
apt-get install libssh2-1-dev
apt-get install libssh-dev
apt-get install libgsasl7-dev
apt-get install libuv1-dev
apt-get install librtmp-dev
cd /src && apt-cache search c-ares
cd /src && mkdir /repo/build
cd /repo/build && cmake ..
apt-get install libc-ares-dev
apt-get install libssl-dev
apt-get install libmbedtls-dev
apt-get install libwolfssl-dev
apt-get install libgnutls28-dev
apt-get install libnghttp2-dev
apt-get install libldap2-dev
apt-get install libidn2-0-dev
apt-get install libpsl-dev
apt-get install libssh2-1-dev
apt-get install libssh-dev
apt-get install libgsasl7-dev
apt-get install libuv1-dev
apt-get install librtmp-dev
cd /repo/build && cmake ..
---------------------------
### Thought:
The CMake configuration has been successfully completed. Now, I will proceed to build the project using `make`.

### Action:
```bash
make
```
### Observation:
Running `make`...
[  0%] [34m[1mGenerating curl-config.1[0m
[  0%] Built target curl-generate-curl-config.1
[  0%] [34m[1mGenerating mk-ca-bundle.1[0m
[  0%] Built target curl-generate-mk-ca-bundle.1
[  0%] [34m[1mGenerating wcurl.1[0m
[  0%] Built target curl-generate-wcurl.1
[  0%] [34m[1mGenerating runtests.1[0m
[  0%] Built target curl-generate-runtests.1
[  3%] [34m[1mGenerating testcurl.1[0m
[  3%] Built target curl-generate-testcurl.1
[  3%] [34m[1mGenerating CURLINFO_ACTIVESOCKET.3, CURLINFO_APPCONNECT_TIME.3, CURLINFO_APPCONNECT_TIME_T.3, CURLINFO_CAINFO.3, CURLINFO_CAPATH.3, CURLINFO_CERTINFO.3, CURLINFO_CONDITION_UNMET.3, CURLINFO_CONNECT_TIME.3, CURLINFO_CONN_ID.3, CURLINFO_CONNECT_TIME_T.3, CURLINFO_CONTENT_LENGTH_DOWNLOAD.3, CURLINFO_CONTENT_LENGTH_DOWNLOAD_T.3, CURLINFO_CONTENT_LENGTH_UPLOAD.3, CURLINFO_CONTENT_LENGTH_UPLOAD_T.3, CURLINFO_CONTENT_TYPE.3, CURLINFO_COOKIELIST.3, CURLINFO_EARLYDATA_SENT_T.3, CURLINFO_EFFECTIVE_METHOD.3, CURLINFO_EFFECTIVE_URL.3, CURLINFO_FILETIME.3, CURLINFO_FILETIME_T.3, CURLINFO_FTP_ENTRY_PATH.3, CURLINFO_HEADER_SIZE.3, CURLINFO_HTTP_CONNECTCODE.3, CURLINFO_HTTP_VERSION.3, CURLINFO_HTTPAUTH_AVAIL.3, CURLINFO_HTTPAUTH_USED.3, CURLINFO_LASTSOCKET.3, CURLINFO_LOCAL_IP.3, CURLINFO_LOCAL_PORT.3, CURLINFO_NAMELOOKUP_TIME.3, CURLINFO_NAMELOOKUP_TIME_T.3, CURLINFO_NUM_CONNECTS.3, CURLINFO_OS_ERRNO.3, CURLINFO_PRETRANSFER_TIME.3, CURLINFO_PRETRANSFER_TIME_T.3, CURLINFO_POSTTRANSFER_TIME_T.3, CURLINFO_PRIMARY_IP.3, CURLINFO_PRIMARY_PORT.3, CURLINFO_PRIVATE.3, CURLINFO_PROTOCOL.3, CURLINFO_PROXY_ERROR.3, CURLINFO_PROXY_SSL_VERIFYRESULT.3, CURLINFO_PROXYAUTH_AVAIL.3, CURLINFO_PROXYAUTH_USED.3, CURLINFO_QUEUE_TIME_T.3, CURLINFO_REDIRECT_COUNT.3, CURLINFO_REDIRECT_TIME.3, CURLINFO_REDIRECT_TIME_T.3, CURLINFO_REDIRECT_URL.3, CURLINFO_REFERER.3, CURLINFO_REQUEST_SIZE.3, CURLINFO_RESPONSE_CODE.3, CURLINFO_RETRY_AFTER.3, CURLINFO_RTSP_CLIENT_CSEQ.3, CURLINFO_RTSP_CSEQ_RECV.3, CURLINFO_RTSP_SERVER_CSEQ.3, CURLINFO_RTSP_SESSION_ID.3, CURLINFO_SCHEME.3, CURLINFO_SIZE_DOWNLOAD.3, CURLINFO_SIZE_DOWNLOAD_T.3, CURLINFO_SIZE_UPLOAD.3, CURLINFO_SIZE_UPLOAD_T.3, CURLINFO_SPEED_DOWNLOAD.3, CURLINFO_SPEED_DOWNLOAD_T.3, CURLINFO_SPEED_UPLOAD.3, CURLINFO_SPEED_UPLOAD_T.3, CURLINFO_SSL_ENGINES.3, CURLINFO_SSL_VERIFYRESULT.3, CURLINFO_STARTTRANSFER_TIME.3, CURLINFO_STARTTRANSFER_TIME_T.3, CURLINFO_TLS_SESSION.3, CURLINFO_TLS_SSL_PTR.3, CURLINFO_TOTAL_TIME.3, CURLINFO_TOTAL_TIME_T.3, CURLINFO_USED_PROXY.3, CURLINFO_XFER_ID.3, CURLMINFO_XFERS_ADDED.3, CURLMINFO_XFERS_CURRENT.3, CURLMINFO_XFERS_DONE.3, CURLMINFO_XFERS_PENDING.3, CURLMINFO_XFERS_RUNNING.3, CURLMOPT_CHUNK_LENGTH_PENALTY_SIZE.3, CURLMOPT_CONTENT_LENGTH_PENALTY_SIZE.3, CURLMOPT_MAX_CONCURRENT_STREAMS.3, CURLMOPT_MAX_HOST_CONNECTIONS.3, CURLMOPT_MAX_PIPELINE_LENGTH.3, CURLMOPT_MAX_TOTAL_CONNECTIONS.3, CURLMOPT_MAXCONNECTS.3, CURLMOPT_NETWORK_CHANGED.3, CURLMOPT_NOTIFYDATA.3, CURLMOPT_NOTIFYFUNCTION.3, CURLMOPT_PIPELINING.3, CURLMOPT_PIPELINING_SERVER_BL.3, CURLMOPT_PIPELINING_SITE_BL.3, CURLMOPT_PUSHDATA.3, CURLMOPT_PUSHFUNCTION.3, CURLMOPT_SOCKETDATA.3, CURLMOPT_SOCKETFUNCTION.3, CURLMOPT_TIMERDATA.3, CURLMOPT_TIMERFUNCTION.3, CURLOPT_ABSTRACT_UNIX_SOCKET.3, CURLOPT_ACCEPT_ENCODING.3, CURLOPT_ACCEPTTIMEOUT_MS.3, CURLOPT_ADDRESS_SCOPE.3, CURLOPT_ALTSVC.3, CURLOPT_ALTSVC_CTRL.3, CURLOPT_APPEND.3, CURLOPT_AUTOREFERER.3, CURLOPT_AWS_SIGV4.3, CURLOPT_BUFFERSIZE.3, CURLOPT_CAINFO.3, CURLOPT_CAINFO_BLOB.3, CURLOPT_CAPATH.3, CURLOPT_CA_CACHE_TIMEOUT.3, CURLOPT_CERTINFO.3, CURLOPT_CHUNK_BGN_FUNCTION.3, CURLOPT_CHUNK_DATA.3, CURLOPT_CHUNK_END_FUNCTION.3, CURLOPT_CLOSESOCKETDATA.3, CURLOPT_CLOSESOCKETFUNCTION.3, CURLOPT_CONNECT_ONLY.3, CURLOPT_CONNECT_TO.3, CURLOPT_CONNECTTIMEOUT.3, CURLOPT_CONNECTTIMEOUT_MS.3, CURLOPT_CONV_FROM_NETWORK_FUNCTION.3, CURLOPT_CONV_FROM_UTF8_FUNCTION.3, CURLOPT_CONV_TO_NETWORK_FUNCTION.3, CURLOPT_COOKIE.3, CURLOPT_COOKIEFILE.3, CURLOPT_COOKIEJAR.3, CURLOPT_COOKIELIST.3, CURLOPT_COOKIESESSION.3, CURLOPT_COPYPOSTFIELDS.3, CURLOPT_CRLF.3, CURLOPT_CRLFILE.3, CURLOPT_CURLU.3, CURLOPT_CUSTOMREQUEST.3, CURLOPT_DEBUGDATA.3, CURLOPT_DEBUGFUNCTION.3, CURLOPT_DEFAULT_PROTOCOL.3, CURLOPT_DIRLISTONLY.3, CURLOPT_DISALLOW_USERNAME_IN_URL.3, CURLOPT_DNS_CACHE_TIMEOUT.3, CURLOPT_DNS_INTERFACE.3, CURLOPT_DNS_LOCAL_IP4.3, CURLOPT_DNS_LOCAL_IP6.3, CURLOPT_DNS_SERVERS.3, CURLOPT_DNS_SHUFFLE_ADDRESSES.3, CURLOPT_DNS_USE_GLOBAL_CACHE.3, CURLOPT_DOH_SSL_VERIFYHOST.3, CURLOPT_DOH_SSL_VERIFYPEER.3, CURLOPT_DOH_SSL_VERIFYSTATUS.3, CURLOPT_DOH_URL.3, CURLOPT_ECH.3, CURLOPT_EGDSOCKET.3, CURLOPT_ERRORBUFFER.3, CURLOPT_EXPECT_100_TIMEOUT_MS.3, CURLOPT_FAILONERROR.3, CURLOPT_FILETIME.3, CURLOPT_FNMATCH_DATA.3, CURLOPT_FNMATCH_FUNCTION.3, CURLOPT_FOLLOWLOCATION.3, CURLOPT_FORBID_REUSE.3, CURLOPT_FRESH_CONNECT.3, CURLOPT_FTP_ACCOUNT.3, CURLOPT_FTP_ALTERNATIVE_TO_USER.3, CURLOPT_FTP_CREATE_MISSING_DIRS.3, CURLOPT_FTP_FILEMETHOD.3, CURLOPT_FTP_SKIP_PASV_IP.3, CURLOPT_FTP_SSL_CCC.3, CURLOPT_FTP_USE_EPRT.3, CURLOPT_FTP_USE_EPSV.3, CURLOPT_FTP_USE_PRET.3, CURLOPT_FTPPORT.3, CURLOPT_FTPSSLAUTH.3, CURLOPT_GSSAPI_DELEGATION.3, CURLOPT_HAPPY_EYEBALLS_TIMEOUT_MS.3, CURLOPT_HAPROXYPROTOCOL.3, CURLOPT_HAPROXY_CLIENT_IP.3, CURLOPT_HEADER.3, CURLOPT_HEADERDATA.3, CURLOPT_HEADERFUNCTION.3, CURLOPT_HEADEROPT.3, CURLOPT_HSTS.3, CURLOPT_HSTS_CTRL.3, CURLOPT_HSTSREADDATA.3, CURLOPT_HSTSREADFUNCTION.3, CURLOPT_HSTSWRITEDATA.3, CURLOPT_HSTSWRITEFUNCTION.3, CURLOPT_HTTP09_ALLOWED.3, CURLOPT_HTTP200ALIASES.3, CURLOPT_HTTP_CONTENT_DECODING.3, CURLOPT_HTTP_TRANSFER_DECODING.3, CURLOPT_HTTP_VERSION.3, CURLOPT_HTTPAUTH.3, CURLOPT_HTTPGET.3, CURLOPT_HTTPHEADER.3, CURLOPT_HTTPPOST.3, CURLOPT_HTTPPROXYTUNNEL.3, CURLOPT_IGNORE_CONTENT_LENGTH.3, CURLOPT_INFILESIZE.3, CURLOPT_INFILESIZE_LARGE.3, CURLOPT_INTERFACE.3, CURLOPT_INTERLEAVEDATA.3, CURLOPT_INTERLEAVEFUNCTION.3, CURLOPT_IOCTLDATA.3, CURLOPT_IOCTLFUNCTION.3, CURLOPT_IPRESOLVE.3, CURLOPT_ISSUERCERT.3, CURLOPT_ISSUERCERT_BLOB.3, CURLOPT_KEEP_SENDING_ON_ERROR.3, CURLOPT_KEYPASSWD.3, CURLOPT_KRBLEVEL.3, CURLOPT_LOCALPORT.3, CURLOPT_LOCALPORTRANGE.3, CURLOPT_LOGIN_OPTIONS.3, CURLOPT_LOW_SPEED_LIMIT.3, CURLOPT_LOW_SPEED_TIME.3, CURLOPT_MAIL_AUTH.3, CURLOPT_MAIL_FROM.3, CURLOPT_MAIL_RCPT.3, CURLOPT_MAIL_RCPT_ALLOWFAILS.3, CURLOPT_MAX_RECV_SPEED_LARGE.3, CURLOPT_MAX_SEND_SPEED_LARGE.3, CURLOPT_MAXAGE_CONN.3, CURLOPT_MAXCONNECTS.3, CURLOPT_MAXFILESIZE.3, CURLOPT_MAXFILESIZE_LARGE.3, CURLOPT_MAXLIFETIME_CONN.3, CURLOPT_MAXREDIRS.3, CURLOPT_MIME_OPTIONS.3, CURLOPT_MIMEPOST.3, CURLOPT_NETRC.3, CURLOPT_NETRC_FILE.3, CURLOPT_NEW_DIRECTORY_PERMS.3, CURLOPT_NEW_FILE_PERMS.3, CURLOPT_NOBODY.3, CURLOPT_NOPROGRESS.3, CURLOPT_NOPROXY.3, CURLOPT_NOSIGNAL.3, CURLOPT_OPENSOCKETDATA.3, CURLOPT_OPENSOCKETFUNCTION.3, CURLOPT_PASSWORD.3, CURLOPT_PATH_AS_IS.3, CURLOPT_PINNEDPUBLICKEY.3, CURLOPT_PIPEWAIT.3, CURLOPT_PORT.3, CURLOPT_POST.3, CURLOPT_POSTFIELDS.3, CURLOPT_POSTFIELDSIZE.3, CURLOPT_POSTFIELDSIZE_LARGE.3, CURLOPT_POSTQUOTE.3, CURLOPT_POSTREDIR.3, CURLOPT_PRE_PROXY.3, CURLOPT_PREQUOTE.3, CURLOPT_PREREQDATA.3, CURLOPT_PREREQFUNCTION.3, CURLOPT_PRIVATE.3, CURLOPT_PROGRESSDATA.3, CURLOPT_PROGRESSFUNCTION.3, CURLOPT_PROTOCOLS.3, CURLOPT_PROTOCOLS_STR.3, CURLOPT_PROXY.3, CURLOPT_PROXY_CAINFO.3, CURLOPT_PROXY_CAINFO_BLOB.3, CURLOPT_PROXY_CAPATH.3, CURLOPT_PROXY_CRLFILE.3, CURLOPT_PROXY_ISSUERCERT.3, CURLOPT_PROXY_ISSUERCERT_BLOB.3, CURLOPT_PROXY_KEYPASSWD.3, CURLOPT_PROXY_PINNEDPUBLICKEY.3, CURLOPT_PROXY_SERVICE_NAME.3, CURLOPT_PROXY_SSL_CIPHER_LIST.3, CURLOPT_PROXY_SSL_OPTIONS.3, CURLOPT_PROXY_SSL_VERIFYHOST.3, CURLOPT_PROXY_SSL_VERIFYPEER.3, CURLOPT_PROXY_SSLCERT.3, CURLOPT_PROXY_SSLCERT_BLOB.3, CURLOPT_PROXY_SSLCERTTYPE.3, CURLOPT_PROXY_SSLKEY.3, CURLOPT_PROXY_SSLKEY_BLOB.3, CURLOPT_PROXY_SSLKEYTYPE.3, CURLOPT_PROXY_SSLVERSION.3, CURLOPT_PROXY_TLS13_CIPHERS.3, CURLOPT_PROXY_TLSAUTH_PASSWORD.3, CURLOPT_PROXY_TLSAUTH_TYPE.3, CURLOPT_PROXY_TLSAUTH_USERNAME.3, CURLOPT_PROXY_TRANSFER_MODE.3, CURLOPT_PROXYAUTH.3, CURLOPT_PROXYHEADER.3, CURLOPT_PROXYPASSWORD.3, CURLOPT_PROXYPORT.3, CURLOPT_PROXYTYPE.3, CURLOPT_PROXYUSERNAME.3, CURLOPT_PROXYUSERPWD.3, CURLOPT_PUT.3, CURLOPT_QUICK_EXIT.3, CURLOPT_QUOTE.3, CURLOPT_RANDOM_FILE.3, CURLOPT_RANGE.3, CURLOPT_READDATA.3, CURLOPT_READFUNCTION.3, CURLOPT_REDIR_PROTOCOLS.3, CURLOPT_REDIR_PROTOCOLS_STR.3, CURLOPT_REFERER.3, CURLOPT_REQUEST_TARGET.3, CURLOPT_RESOLVE.3, CURLOPT_RESOLVER_START_DATA.3, CURLOPT_RESOLVER_START_FUNCTION.3, CURLOPT_RESUME_FROM.3, CURLOPT_RESUME_FROM_LARGE.3, CURLOPT_RTSP_CLIENT_CSEQ.3, CURLOPT_RTSP_REQUEST.3, CURLOPT_RTSP_SERVER_CSEQ.3, CURLOPT_RTSP_SESSION_ID.3, CURLOPT_RTSP_STREAM_URI.3, CURLOPT_RTSP_TRANSPORT.3, CURLOPT_SASL_AUTHZID.3, CURLOPT_SASL_IR.3, CURLOPT_SEEKDATA.3, CURLOPT_SEEKFUNCTION.3, CURLOPT_SERVER_RESPONSE_TIMEOUT.3, CURLOPT_SERVER_RESPONSE_TIMEOUT_MS.3, CURLOPT_SERVICE_NAME.3, CURLOPT_SHARE.3, CURLOPT_SOCKOPTDATA.3, CURLOPT_SOCKOPTFUNCTION.3, CURLOPT_SOCKS5_AUTH.3, CURLOPT_SOCKS5_GSSAPI_NEC.3, CURLOPT_SOCKS5_GSSAPI_SERVICE.3, CURLOPT_SSH_AUTH_TYPES.3, CURLOPT_SSH_COMPRESSION.3, CURLOPT_SSH_HOSTKEYDATA.3, CURLOPT_SSH_HOSTKEYFUNCTION.3, CURLOPT_SSH_HOST_PUBLIC_KEY_MD5.3, CURLOPT_SSH_HOST_PUBLIC_KEY_SHA256.3, CURLOPT_SSH_KEYDATA.3, CURLOPT_SSH_KEYFUNCTION.3, CURLOPT_SSH_KNOWNHOSTS.3, CURLOPT_SSH_PRIVATE_KEYFILE.3, CURLOPT_SSH_PUBLIC_KEYFILE.3, CURLOPT_SSL_CIPHER_LIST.3, CURLOPT_SSL_CTX_DATA.3, CURLOPT_SSL_CTX_FUNCTION.3, CURLOPT_SSL_EC_CURVES.3, CURLOPT_SSL_ENABLE_ALPN.3, CURLOPT_SSL_ENABLE_NPN.3, CURLOPT_SSL_FALSESTART.3, CURLOPT_SSL_OPTIONS.3, CURLOPT_SSL_SESSIONID_CACHE.3, CURLOPT_SSL_SIGNATURE_ALGORITHMS.3, CURLOPT_SSL_VERIFYHOST.3, CURLOPT_SSL_VERIFYPEER.3, CURLOPT_SSL_VERIFYSTATUS.3, CURLOPT_SSLCERT.3, CURLOPT_SSLCERT_BLOB.3, CURLOPT_SSLCERTTYPE.3, CURLOPT_SSLENGINE.3, CURLOPT_SSLENGINE_DEFAULT.3, CURLOPT_SSLKEY.3, CURLOPT_SSLKEY_BLOB.3, CURLOPT_SSLKEYTYPE.3, CURLOPT_SSLVERSION.3, CURLOPT_STDERR.3, CURLOPT_STREAM_DEPENDS.3, CURLOPT_STREAM_DEPENDS_E.3, CURLOPT_STREAM_WEIGHT.3, CURLOPT_SUPPRESS_CONNECT_HEADERS.3, CURLOPT_TCP_FASTOPEN.3, CURLOPT_TCP_KEEPALIVE.3, CURLOPT_TCP_KEEPIDLE.3, CURLOPT_TCP_KEEPINTVL.3, CURLOPT_TCP_KEEPCNT.3, CURLOPT_TCP_NODELAY.3, CURLOPT_TELNETOPTIONS.3, CURLOPT_TFTP_BLKSIZE.3, CURLOPT_TFTP_NO_OPTIONS.3, CURLOPT_TIMECONDITION.3, CURLOPT_TIMEOUT.3, CURLOPT_TIMEOUT_MS.3, CURLOPT_TIMEVALUE.3, CURLOPT_TIMEVALUE_LARGE.3, CURLOPT_TLS13_CIPHERS.3, CURLOPT_TLSAUTH_PASSWORD.3, CURLOPT_TLSAUTH_TYPE.3, CURLOPT_TLSAUTH_USERNAME.3, CURLOPT_TRAILERDATA.3, CURLOPT_TRAILERFUNCTION.3, CURLOPT_TRANSFER_ENCODING.3, CURLOPT_TRANSFERTEXT.3, CURLOPT_UNIX_SOCKET_PATH.3, CURLOPT_UNRESTRICTED_AUTH.3, CURLOPT_UPKEEP_INTERVAL_MS.3, CURLOPT_UPLOAD.3, CURLOPT_UPLOAD_BUFFERSIZE.3, CURLOPT_UPLOAD_FLAGS.3, CURLOPT_URL.3, CURLOPT_USE_SSL.3, CURLOPT_USERAGENT.3, CURLOPT_USERNAME.3, CURLOPT_USERPWD.3, CURLOPT_VERBOSE.3, CURLOPT_WILDCARDMATCH.3, CURLOPT_WRITEDATA.3, CURLOPT_WRITEFUNCTION.3, CURLOPT_WS_OPTIONS.3, CURLOPT_XFERINFODATA.3, CURLOPT_XFERINFOFUNCTION.3, CURLOPT_XOAUTH2_BEARER.3, CURLSHOPT_LOCKFUNC.3, CURLSHOPT_SHARE.3, CURLSHOPT_UNLOCKFUNC.3, CURLSHOPT_UNSHARE.3, CURLSHOPT_USERDATA.3[0m
[  3%] Built target curl-opts-man
[  3%] [34m[1mGenerating libcurl-symbols.md[0m
[  3%] [34m[1mGenerating curl_easy_cleanup.3, curl_easy_duphandle.3, curl_easy_escape.3, curl_easy_getinfo.3, curl_easy_header.3, curl_easy_init.3, curl_easy_nextheader.3, curl_easy_option_by_id.3, curl_easy_option_by_name.3, curl_easy_option_next.3, curl_easy_pause.3, curl_easy_perform.3, curl_easy_recv.3, curl_easy_reset.3, curl_easy_send.3, curl_easy_setopt.3, curl_easy_ssls_export.3, curl_easy_ssls_import.3, curl_easy_strerror.3, curl_easy_unescape.3, curl_easy_upkeep.3, curl_escape.3, curl_formadd.3, curl_formfree.3, curl_formget.3, curl_free.3, curl_getdate.3, curl_getenv.3, curl_global_cleanup.3, curl_global_init.3, curl_global_init_mem.3, curl_global_sslset.3, curl_global_trace.3, curl_mime_addpart.3, curl_mime_data.3, curl_mime_data_cb.3, curl_mime_encoder.3, curl_mime_filedata.3, curl_mime_filename.3, curl_mime_free.3, curl_mime_headers.3, curl_mime_init.3, curl_mime_name.3, curl_mime_subparts.3, curl_mime_type.3, curl_mprintf.3, curl_multi_add_handle.3, curl_multi_assign.3, curl_multi_cleanup.3, curl_multi_fdset.3, curl_multi_get_handles.3, curl_multi_get_offt.3, curl_multi_info_read.3, curl_multi_init.3, curl_multi_notify_disable.3, curl_multi_notify_enable.3, curl_multi_perform.3, curl_multi_poll.3, curl_multi_remove_handle.3, curl_multi_setopt.3, curl_multi_socket.3, curl_multi_socket_action.3, curl_multi_socket_all.3, curl_multi_strerror.3, curl_multi_timeout.3, curl_multi_wait.3, curl_multi_waitfds.3, curl_multi_wakeup.3, curl_pushheader_byname.3, curl_pushheader_bynum.3, curl_share_cleanup.3, curl_share_init.3, curl_share_setopt.3, curl_share_strerror.3, curl_slist_append.3, curl_slist_free_all.3, curl_strequal.3, curl_strnequal.3, curl_unescape.3, curl_url.3, curl_url_cleanup.3, curl_url_dup.3, curl_url_get.3, curl_url_set.3, curl_url_strerror.3, curl_version.3, curl_version_info.3, curl_ws_meta.3, curl_ws_recv.3, curl_ws_send.3, curl_ws_start_frame.3, libcurl-easy.3, libcurl-env-dbg.3, libcurl-env.3, libcurl-errors.3, libcurl-multi.3, libcurl-security.3, libcurl-share.3, libcurl-symbols.3, libcurl-thread.3, libcurl-tutorial.3, libcurl-url.3, libcurl-ws.3, libcurl.3[0m
[  3%] Built target curl-man
[  3%] [34m[1mGenerating curl.1, curl.txt[0m
[  3%] Built target generate-curl.1
[  3%] [32mBuilding C object lib/CMakeFiles/libcurl_shared.dir/altsvc.c.o[0m
[  3%] [32mBuilding C object lib/CMakeFiles/libcurl_shared.dir/amigaos.c.o[0m
[  3%] [32mBuilding C object lib/CMakeFiles/libcurl_shared.dir/asyn-ares.c.o[0m
[  3%] [32mBuilding C object lib/CMakeFiles/libcurl_shared.dir/asyn-base.c.o[0m
[  7%] [32mBuilding C object lib/CMakeFiles/libcurl_shared.dir/asyn-thrdd.c.o[0m
[  7%] [32mBuilding C object lib/CMakeFiles/libcurl_shared.dir/bufq.c.o[0m
[  7%] [32mBuilding C object lib/CMakeFiles/libcurl_shared.dir/bufref.c.o[0m
[  7%] [32mBuilding C object lib/CMakeFiles/libcurl_shared.dir/cf-h1-proxy.c.o[0m
[  7%] [32mBuilding C object lib/CMakeFiles/libcurl_shared.dir/cf-h2-proxy.c.o[0m
[  7%] [32mBuilding C object lib/CMakeFiles/libcurl_shared.dir/cf-haproxy.c.o[0m
[  7%] [32mBuilding C object lib/CMakeFiles/libcurl_shared.dir/cf-https-connect.c.o[0m
[  7%] [32mBuilding C object lib/CMakeFiles/libcurl_shared.dir/cf-ip-happy.c.o[0m
[ 10%] [32mBuilding C object lib/CMakeFiles/libcurl_shared.dir/cf-socket.c.o[0m
[ 10%] [32mBuilding C object lib/CMakeFiles/libcurl_shared.dir/cfilters.c.o[0m
[ 10%] [32mBuilding C object lib/CMakeFiles/libcurl_shared.dir/conncache.c.o[0m
[ 10%] [32mBuilding C object lib/CMakeFiles/libcurl_shared.dir/connect.c.o[0m
[ 10%] [32mBuilding C object lib/CMakeFiles/libcurl_shared.dir/content_encoding.c.o[0m
[ 10%] [32mBuilding C object lib/CMakeFiles/libcurl_shared.dir/cookie.c.o[0m
[ 10%] [32mBuilding C object lib/CMakeFiles/libcurl_shared.dir/cshutdn.c.o[0m
[ 10%] [32mBuilding C object lib/CMakeFiles/libcurl_shared.dir/curl_addrinfo.c.o[0m
[ 10%] [32mBuilding C object lib/CMakeFiles/libcurl_shared.dir/curl_des.c.o[0m
[ 14%] [32mBuilding C object lib/CMakeFiles/libcurl_shared.dir/curl_endian.c.o[0m
[ 14%] [32mBuilding C object lib/CMakeFiles/libcurl_shared.dir/curl_fnmatch.c.o[0m
[ 14%] [32mBuilding C object lib/CMakeFiles/libcurl_shared.dir/curl_fopen.c.o[0m
[ 14%] [32mBuilding C object lib/CMakeFiles/libcurl_shared.dir/curl_get_line.c.o[0m
[ 14%] [32mBuilding C object lib/CMakeFiles/libcurl_shared.dir/curl_gethostname.c.o[0m
[ 14%] [32mBuilding C object lib/CMakeFiles/libcurl_shared.dir/curl_gssapi.c.o[0m
[ 14%] [32mBuilding C object lib/CMakeFiles/libcurl_shared.dir/curl_memrchr.c.o[0m
[ 14%] [32mBuilding C object lib/CMakeFiles/libcurl_shared.dir/curl_ntlm_core.c.o[0m
[ 14%] [32mBuilding C object lib/CMakeFiles/libcurl_shared.dir/curl_range.c.o[0m
[ 17%] [32mBuilding C object lib/CMakeFiles/libcurl_shared.dir/curl_rtmp.c.o[0m
[ 17%] [32mBuilding C object lib/CMakeFiles/libcurl_shared.dir/curl_sasl.c.o[0m
[ 17%] [32mBuilding C object lib/CMakeFiles/libcurl_shared.dir/curl_sha512_256.c.o[0m
[ 17%] [32mBuilding C object lib/CMakeFiles/libcurl_shared.dir/curl_sspi.c.o[0m
[ 17%] [32mBuilding C object lib/CMakeFiles/libcurl_shared.dir/curl_threads.c.o[0m
[ 17%] [32mBuilding C object lib/CMakeFiles/libcurl_shared.dir/curl_trc.c.o[0m
[ 17%] [32mBuilding C object lib/CMakeFiles/libcurl_shared.dir/cw-out.c.o[0m
[ 17%] [32mBuilding C object lib/CMakeFiles/libcurl_shared.dir/cw-pause.c.o[0m
[ 21%] [32mBuilding C object lib/CMakeFiles/libcurl_shared.dir/dict.c.o[0m
[ 21%] [32mBuilding C object lib/CMakeFiles/libcurl_shared.dir/doh.c.o[0m
[ 21%] [32mBuilding C object lib/CMakeFiles/libcurl_shared.dir/dynhds.c.o[0m
[ 21%] [32mBuilding C object lib/CMakeFiles/libcurl_shared.dir/easy.c.o[0m
[ 21%] [32mBuilding C object lib/CMakeFiles/libcurl_shared.dir/easygetopt.c.o[0m
[ 21%] [32mBuilding C object lib/CMakeFiles/libcurl_shared.dir/easyoptions.c.o[0m
[ 21%] [32mBuilding C object lib/CMakeFiles/libcurl_shared.dir/escape.c.o[0m
[ 21%] [32mBuilding C object lib/CMakeFiles/libcurl_shared.dir/fake_addrinfo.c.o[0m
[ 21%] [32mBuilding C object lib/CMakeFiles/libcurl_shared.dir/file.c.o[0m
[ 25%] [32mBuilding C object lib/CMakeFiles/libcurl_shared.dir/fileinfo.c.o[0m
[ 25%] [32mBuilding C object lib/CMakeFiles/libcurl_shared.dir/formdata.c.o[0m
[ 25%] [32mBuilding C object lib/CMakeFiles/libcurl_shared.dir/ftp.c.o[0m
[ 25%] [32mBuilding C object lib/CMakeFiles/libcurl_shared.dir/ftplistparser.c.o[0m
[ 25%] [32mBuilding C object lib/CMakeFiles/libcurl_shared.dir/getenv.c.o[0m
[ 25%] [32mBuilding C object lib/CMakeFiles/libcurl_shared.dir/getinfo.c.o[0m
[ 25%] [32mBuilding C object lib/CMakeFiles/libcurl_shared.dir/gopher.c.o[0m
[ 25%] [32mBuilding C object lib/CMakeFiles/libcurl_shared.dir/hash.c.o[0m
[ 28%] [32mBuilding C object lib/CMakeFiles/libcurl_shared.dir/headers.c.o[0m
[ 28%] [32mBuilding C object lib/CMakeFiles/libcurl_shared.dir/hmac.c.o[0m
[ 28%] [32mBuilding C object lib/CMakeFiles/libcurl_shared.dir/hostip.c.o[0m
[ 28%] [32mBuilding C object lib/CMakeFiles/libcurl_shared.dir/hostip4.c.o[0m
[ 28%] [32mBuilding C object lib/CMakeFiles/libcurl_shared.dir/hostip6.c.o[0m
[ 28%] [32mBuilding C object lib/CMakeFiles/libcurl_shared.dir/hsts.c.o[0m
[ 28%] [32mBuilding C object lib/CMakeFiles/libcurl_shared.dir/http.c.o[0m
[ 28%] [32mBuilding C object lib/CMakeFiles/libcurl_shared.dir/http1.c.o[0m
[ 28%] [32mBuilding C object lib/CMakeFiles/libcurl_shared.dir/http2.c.o[0m
[ 32%] [32mBuilding C object lib/CMakeFiles/libcurl_shared.dir/http_aws_sigv4.c.o[0m
[ 32%] [32mBuilding C object lib/CMakeFiles/libcurl_shared.dir/http_chunks.c.o[0m
[ 32%] [32mBuilding C object lib/CMakeFiles/libcurl_shared.dir/http_digest.c.o[0m
[ 32%] [32mBuilding C object lib/CMakeFiles/libcurl_shared.dir/http_negotiate.c.o[0m
[ 32%] [32mBuilding C object lib/CMakeFiles/libcurl_shared.dir/http_ntlm.c.o[0m
[ 32%] [32mBuilding C object lib/CMakeFiles/libcurl_shared.dir/http_proxy.c.o[0m
[ 32%] [32mBuilding C object lib/CMakeFiles/libcurl_shared.dir/httpsrr.c.o[0m
[ 32%] [32mBuilding C object lib/CMakeFiles/libcurl_shared.dir/idn.c.o[0m
[ 32%] [32mBuilding C object lib/CMakeFiles/libcurl_shared.dir/if2ip.c.o[0m
[ 35%] [32mBuilding C object lib/CMakeFiles/libcurl_shared.dir/imap.c.o[0m
[ 35%] [32mBuilding C object lib/CMakeFiles/libcurl_shared.dir/ldap.c.o[0m
[ 35%] [32mBuilding C object lib/CMakeFiles/libcurl_shared.dir/llist.c.o[0m
[ 35%] [32mBuilding C object lib/CMakeFiles/libcurl_shared.dir/macos.c.o[0m
[ 35%] [32mBuilding C object lib/CMakeFiles/libcurl_shared.dir/md4.c.o[0m
[ 35%] [32mBuilding C object lib/CMakeFiles/libcurl_shared.dir/md5.c.o[0m
[ 35%] [32mBuilding C object lib/CMakeFiles/libcurl_shared.dir/memdebug.c.o[0m
[ 35%] [32mBuilding C object lib/CMakeFiles/libcurl_shared.dir/mime.c.o[0m
[ 39%] [32mBuilding C object lib/CMakeFiles/libcurl_shared.dir/mprintf.c.o[0m
[ 39%] [32mBuilding C object lib/CMakeFiles/libcurl_shared.dir/mqtt.c.o[0m
[ 39%] [32mBuilding C object lib/CMakeFiles/libcurl_shared.dir/multi.c.o[0m
[ 39%] [32mBuilding C object lib/CMakeFiles/libcurl_shared.dir/multi_ev.c.o[0m
[ 39%] [32mBuilding C object lib/CMakeFiles/libcurl_shared.dir/multi_ntfy.c.o[0m
[ 39%] [32mBuilding C object lib/CMakeFiles/libcurl_shared.dir/netrc.c.o[0m
[ 39%] [32mBuilding C object lib/CMakeFiles/libcurl_shared.dir/noproxy.c.o[0m
[ 39%] [32mBuilding C object lib/CMakeFiles/libcurl_shared.dir/openldap.c.o[0m
[ 39%] [32mBuilding C object lib/CMakeFiles/libcurl_shared.dir/parsedate.c.o[0m
[ 42%] [32mBuilding C object lib/CMakeFiles/libcurl_shared.dir/pingpong.c.o[0m
[ 42%] [32mBuilding C object lib/CMakeFiles/libcurl_shared.dir/pop3.c.o[0m
[ 42%] [32mBuilding C object lib/CMakeFiles/libcurl_shared.dir/progress.c.o[0m
[ 42%] [32mBuilding C object lib/CMakeFiles/libcurl_shared.dir/psl.c.o[0m
[ 42%] [32mBuilding C object lib/CMakeFiles/libcurl_shared.dir/rand.c.o[0m
[ 42%] [32mBuilding C object lib/CMakeFiles/libcurl_shared.dir/rename.c.o[0m
[ 42%] [32mBuilding C object lib/CMakeFiles/libcurl_shared.dir/request.c.o[0m
[ 42%] [32mBuilding C object lib/CMakeFiles/libcurl_shared.dir/rtsp.c.o[0m
[ 42%] [32mBuilding C object lib/CMakeFiles/libcurl_shared.dir/select.c.o[0m
[ 46%] [32mBuilding C object lib/CMakeFiles/libcurl_shared.dir/sendf.c.o[0m
[ 46%] [32mBuilding C object lib/CMakeFiles/libcurl_shared.dir/setopt.c.o[0m
[ 46%] [32mBuilding C object lib/CMakeFiles/libcurl_shared.dir/sha256.c.o[0m
[ 46%] [32mBuilding C object lib/CMakeFiles/libcurl_shared.dir/share.c.o[0m
[ 46%] [32mBuilding C object lib/CMakeFiles/libcurl_shared.dir/slist.c.o[0m
[ 46%] [32mBuilding C object lib/CMakeFiles/libcurl_shared.dir/smb.c.o[0m
[ 46%] [32mBuilding C object lib/CMakeFiles/libcurl_shared.dir/smtp.c.o[0m
[ 46%] [32mBuilding C object lib/CMakeFiles/libcurl_shared.dir/socketpair.c.o[0m
[ 50%] [32mBuilding C object lib/CMakeFiles/libcurl_shared.dir/socks.c.o[0m
[ 50%] [32mBuilding C object lib/CMakeFiles/libcurl_shared.dir/socks_gssapi.c.o[0m
[ 50%] [32mBuilding C object lib/CMakeFiles/libcurl_shared.dir/socks_sspi.c.o[0m
[ 50%] [32mBuilding C object lib/CMakeFiles/libcurl_shared.dir/speedcheck.c.o[0m
[ 50%] [32mBuilding C object lib/CMakeFiles/libcurl_shared.dir/splay.c.o[0m
[ 50%] [32mBuilding C object lib/CMakeFiles/libcurl_shared.dir/strcase.c.o[0m
[ 50%] [32mBuilding C object lib/CMakeFiles/libcurl_shared.dir/strdup.c.o[0m
[ 50%] [32mBuilding C object lib/CMakeFiles/libcurl_shared.dir/strequal.c.o[0m
[ 50%] [32mBuilding C object lib/CMakeFiles/libcurl_shared.dir/strerror.c.o[0m
[ 53%] [32mBuilding C object lib/CMakeFiles/libcurl_shared.dir/system_win32.c.o[0m
[ 53%] [32mBuilding C object lib/CMakeFiles/libcurl_shared.dir/telnet.c.o[0m
[ 53%] [32mBuilding C object lib/CMakeFiles/libcurl_shared.dir/tftp.c.o[0m
[ 53%] [32mBuilding C object lib/CMakeFiles/libcurl_shared.dir/transfer.c.o[0m
[ 53%] [32mBuilding C object lib/CMakeFiles/libcurl_shared.dir/uint-bset.c.o[0m
[ 53%] [32mBuilding C object lib/CMakeFiles/libcurl_shared.dir/uint-hash.c.o[0m
[ 53%] [32mBuilding C object lib/CMakeFiles/libcurl_shared.dir/uint-spbset.c.o[0m
[ 53%] [32mBuilding C object lib/CMakeFiles/libcurl_shared.dir/uint-table.c.o[0m
[ 57%] [32mBuilding C object lib/CMakeFiles/libcurl_shared.dir/url.c.o[0m
[ 57%] [32mBuilding C object lib/CMakeFiles/libcurl_shared.dir/urlapi.c.o[0m
[ 57%] [32mBuilding C object lib/CMakeFiles/libcurl_shared.dir/version.c.o[0m
[ 57%] [32mBuilding C object lib/CMakeFiles/libcurl_shared.dir/ws.c.o[0m
[ 57%] [32mBuilding C object lib/CMakeFiles/libcurl_shared.dir/vauth/cleartext.c.o[0m
[ 57%] [32mBuilding C object lib/CMakeFiles/libcurl_shared.dir/vauth/cram.c.o[0m
[ 57%] [32mBuilding C object lib/CMakeFiles/libcurl_shared.dir/vauth/digest.c.o[0m
[ 57%] [32mBuilding C object lib/CMakeFiles/libcurl_shared.dir/vauth/digest_sspi.c.o[0m
[ 57%] [32mBuilding C object lib/CMakeFiles/libcurl_shared.dir/vauth/gsasl.c.o[0m
[ 60%] [32mBuilding C object lib/CMakeFiles/libcurl_shared.dir/vauth/krb5_gssapi.c.o[0m
[ 60%] [32mBuilding C object lib/CMakeFiles/libcurl_shared.dir/vauth/krb5_sspi.c.o[0m
[ 60%] [32mBuilding C object lib/CMakeFiles/libcurl_shared.dir/vauth/ntlm.c.o[0m
[ 60%] [32mBuilding C object lib/CMakeFiles/libcurl_shared.dir/vauth/ntlm_sspi.c.o[0m
[ 60%] [32mBuilding C object lib/CMakeFiles/libcurl_shared.dir/vauth/oauth2.c.o[0m
[ 60%] [32mBuilding C object lib/CMakeFiles/libcurl_shared.dir/vauth/spnego_gssapi.c.o[0m
[ 60%] [32mBuilding C object lib/CMakeFiles/libcurl_shared.dir/vauth/spnego_sspi.c.o[0m
[ 60%] [32mBuilding C object lib/CMakeFiles/libcurl_shared.dir/vauth/vauth.c.o[0m
[ 60%] [32mBuilding C object lib/CMakeFiles/libcurl_shared.dir/vtls/apple.c.o[0m
[ 64%] [32mBuilding C object lib/CMakeFiles/libcurl_shared.dir/vtls/cipher_suite.c.o[0m
[ 64%] [32mBuilding C object lib/CMakeFiles/libcurl_shared.dir/vtls/gtls.c.o[0m
[ 64%] [32mBuilding C object lib/CMakeFiles/libcurl_shared.dir/vtls/hostcheck.c.o[0m
[ 64%] [32mBuilding C object lib/CMakeFiles/libcurl_shared.dir/vtls/keylog.c.o[0m
[ 64%] [32mBuilding C object lib/CMakeFiles/libcurl_shared.dir/vtls/mbedtls.c.o[0m
[ 64%] [32mBuilding C object lib/CMakeFiles/libcurl_shared.dir/vtls/mbedtls_threadlock.c.o[0m
[ 64%] [32mBuilding C object lib/CMakeFiles/libcurl_shared.dir/vtls/openssl.c.o[0m
[ 64%] [32mBuilding C object lib/CMakeFiles/libcurl_shared.dir/vtls/rustls.c.o[0m
[ 67%] [32mBuilding C object lib/CMakeFiles/libcurl_shared.dir/vtls/schannel.c.o[0m
[ 67%] [32mBuilding C object lib/CMakeFiles/libcurl_shared.dir/vtls/schannel_verify.c.o[0m
[ 67%] [32mBuilding C object lib/CMakeFiles/libcurl_shared.dir/vtls/vtls.c.o[0m
[ 67%] [32mBuilding C object lib/CMakeFiles/libcurl_shared.dir/vtls/vtls_scache.c.o[0m
[ 67%] [32mBuilding C object lib/CMakeFiles/libcurl_shared.dir/vtls/vtls_spack.c.o[0m
[ 67%] [32mBuilding C object lib/CMakeFiles/libcurl_shared.dir/vtls/wolfssl.c.o[0m
[ 67%] [32mBuilding C object lib/CMakeFiles/libcurl_shared.dir/vtls/x509asn1.c.o[0m
[ 67%] [32mBuilding C object lib/CMakeFiles/libcurl_shared.dir/vquic/curl_ngtcp2.c.o[0m
[ 67%] [32mBuilding C object lib/CMakeFiles/libcurl_shared.dir/vquic/curl_osslq.c.o[0m
[ 71%] [32mBuilding C object lib/CMakeFiles/libcurl_shared.dir/vquic/curl_quiche.c.o[0m
[ 71%] [32mBuilding C object lib/CMakeFiles/libcurl_shared.dir/vquic/vquic.c.o[0m
[ 71%] [32mBuilding C object lib/CMakeFiles/libcurl_shared.dir/vquic/vquic-tls.c.o[0m
[ 71%] [32mBuilding C object lib/CMakeFiles/libcurl_shared.dir/vssh/libssh.c.o[0m
[ 71%] [32mBuilding C object lib/CMakeFiles/libcurl_shared.dir/vssh/libssh2.c.o[0m
[1m/repo/lib/vssh/libssh2.c:463:12: [0m[0;1;31merror: [0m[1muse of undeclared
      identifier 'LIBSSH2_HOSTKEY_TYPE_ECDSA_256'[0m
  463 |       [0;34mcase[0m LIBSSH2_HOSTKEY_TYPE_ECDSA_256:[0m
      | [0;1;32m           ^~~~~~~~~~~~~~~~~~~~~~~~~~~~~~
[0m[1m/repo/lib/vssh/libssh2.c:464:18: [0m[0;1;31merror: [0m[1muse of undeclared
      identifier 'LIBSSH2_KNOWNHOST_KEY_ECDSA_256'[0m
  464 |         keybit = LIBSSH2_KNOWNHOST_KEY_ECDSA_256;[0m
      | [0;1;32m                 ^~~~~~~~~~~~~~~~~~~~~~~~~~~~~~~
[0m[1m/repo/lib/vssh/libssh2.c:466:12: [0m[0;1;31merror: [0m[1muse of undeclared
      identifier 'LIBSSH2_HOSTKEY_TYPE_ECDSA_384'[0m
  466 |       [0;34mcase[0m LIBSSH2_HOSTKEY_TYPE_ECDSA_384:[0m
      | [0;1;32m           ^~~~~~~~~~~~~~~~~~~~~~~~~~~~~~
[0m[1m/repo/lib/vssh/libssh2.c:467:18: [0m[0;1;31merror: [0m[1muse of undeclared
      identifier 'LIBSSH2_KNOWNHOST_KEY_ECDSA_384'[0m
  467 |         keybit = LIBSSH2_KNOWNHOST_KEY_ECDSA_384;[0m
      | [0;1;32m                 ^~~~~~~~~~~~~~~~~~~~~~~~~~~~~~~
[0m[1m/repo/lib/vssh/libssh2.c:469:12: [0m[0;1;31merror: [0m[1muse of undeclared
      identifier 'LIBSSH2_HOSTKEY_TYPE_ECDSA_521'[0m
  469 |       [0;34mcase[0m LIBSSH2_HOSTKEY_TYPE_ECDSA_521:[0m
      | [0;1;32m           ^~~~~~~~~~~~~~~~~~~~~~~~~~~~~~
[0m[1m/repo/lib/vssh/libssh2.c:470:18: [0m[0;1;31merror: [0m[1muse of undeclared
      identifier 'LIBSSH2_KNOWNHOST_KEY_ECDSA_521'[0m
  470 |         keybit = LIBSSH2_KNOWNHOST_KEY_ECDSA_521;[0m
      | [0;1;32m                 ^~~~~~~~~~~~~~~~~~~~~~~~~~~~~~~
[0m[1m/repo/lib/vssh/libssh2.c:472:12: [0m[0;1;31merror: [0m[1muse of undeclared
      identifier 'LIBSSH2_HOSTKEY_TYPE_ED25519'[0m
  472 |       [0;34mcase[0m LIBSSH2_HOSTKEY_TYPE_ED25519:[0m
      | [0;1;32m           ^~~~~~~~~~~~~~~~~~~~~~~~~~~~
[0m[1m/repo/lib/vssh/libssh2.c:473:18: [0m[0;1;31merror: [0m[1muse of undeclared
      identifier 'LIBSSH2_KNOWNHOST_KEY_ED25519'[0m
  473 |         keybit = LIBSSH2_KNOWNHOST_KEY_ED25519;[0m
      | [0;1;32m                 ^~~~~~~~~~~~~~~~~~~~~~~~~~~~~
[0m[1m/repo/lib/vssh/libssh2.c:599:40: [0m[0;1;31merror: [0m[1muse of undeclared
      identifier 'LIBSSH2_HOSTKEY_HASH_SHA256'[0m
  599 |                                        LIBSSH2_HOSTKEY_HASH_SHA256);[0m
      | [0;1;32m                                       ^~~~~~~~~~~~~~~~~~~~~~~~~~~
[0m[1m/repo/lib/vssh/libssh2.c:799:12: [0m[0;1;31merror: [0m[1muse of undeclared
      identifier 'LIBSSH2_KNOWNHOST_KEY_ED25519'[0m
  799 |       [0;34mcase[0m LIBSSH2_KNOWNHOST_KEY_ED25519:[0m
      | [0;1;32m           ^~~~~~~~~~~~~~~~~~~~~~~~~~~~~
[0m[1m/repo/lib/vssh/libssh2.c:802:12: [0m[0;1;31merror: [0m[1muse of undeclared
      identifier 'LIBSSH2_KNOWNHOST_KEY_ECDSA_521'[0m
  802 |       [0;34mcase[0m LIBSSH2_KNOWNHOST_KEY_ECDSA_521:[0m
      | [0;1;32m           ^~~~~~~~~~~~~~~~~~~~~~~~~~~~~~~
[0m[1m/repo/lib/vssh/libssh2.c:805:12: [0m[0;1;31merror: [0m[1muse of undeclared
      identifier 'LIBSSH2_KNOWNHOST_KEY_ECDSA_384'[0m
  805 |       [0;34mcase[0m LIBSSH2_KNOWNHOST_KEY_ECDSA_384:[0m
      | [0;1;32m           ^~~~~~~~~~~~~~~~~~~~~~~~~~~~~~~
[0m[1m/repo/lib/vssh/libssh2.c:808:12: [0m[0;1;31merror: [0m[1muse of undeclared
      identifier 'LIBSSH2_KNOWNHOST_KEY_ECDSA_256'[0m
  808 |       [0;34mcase[0m LIBSSH2_KNOWNHOST_KEY_ECDSA_256:[0m
      | [0;1;32m           ^~~~~~~~~~~~~~~~~~~~~~~~~~~~~~~
[0m13 errors generated.
make[2]: *** [lib/CMakeFiles/libcurl_shared.dir/build.make:2358: lib/CMakeFiles/libcurl_shared.dir/vssh/libssh2.c.o] Error 1
make[1]: *** [CMakeFiles/Makefile2:831: lib/CMakeFiles/libcurl_shared.dir/all] Error 2
make: *** [Makefile:156: all] Error 2
The command execution failed, so I have reverted it back to the previous state, which is the environment before running this command.

`make` executes with returncode: 2

[Current directory]:
/src
You are currently in a [gcr.io/oss-fuzz-base/base-builder] container.

ENVIRONMENT REMINDER: You have 85 turns left to complete the task.
The container has successfully executed the following commands in order. Please refer to the execution history, reflect, and decide the subsequent actions. Remember, your ultimate goal is to pass the tests by executing `runtest`.
apt-get install libssl-dev
apt-get install libmbedtls-dev
apt-get install libwolfssl-dev
apt-get install libgnutls28-dev
apt-get install libnghttp2-dev
apt-get install libldap2-dev
apt-get install libidn2-0-dev
apt-get install libpsl-dev
apt-get install libssh2-1-dev
apt-get install libssh-dev
apt-get install libgsasl7-dev
apt-get install libuv1-dev
apt-get install librtmp-dev
cd /src && apt-cache search c-ares
cd /src && mkdir /repo/build
cd /repo/build && cmake ..
apt-get install libc-ares-dev
apt-get install libssl-dev
apt-get install libmbedtls-dev
apt-get install libwolfssl-dev
apt-get install libgnutls28-dev
apt-get install libnghttp2-dev
apt-get install libldap2-dev
apt-get install libidn2-0-dev
apt-get install libpsl-dev
apt-get install libssh2-1-dev
apt-get install libssh-dev
apt-get install libgsasl7-dev
apt-get install libuv1-dev
apt-get install librtmp-dev
cd /repo/build && cmake ..
---------------------------
### Thought:
The root directory contains several important files and directories, including `CMakeLists.txt`, `configure.ac`, `Makefile.am`, and various directories like `src`, `lib`, `include`, and `tests`. To proceed, I will first check the `CMakeLists.txt` file for any dependencies or configurations.

### Action:
```bash
head -50 /repo/CMakeLists.txt
```
### Observation:
Running `head -50 /repo/CMakeLists.txt`...
#***************************************************************************
#                                  _   _ ____  _
#  Project                     ___| | | |  _ \| |
#                             / __| | | | |_) | |
#                            | (__| |_| |  _ <| |___
#                             \___|\___/|_| \_\_____|
#
# Copyright (C) Daniel Stenberg, <daniel@haxx.se>, et al.
#
... (28 lines omitted) ...
        set(_cache_var_type)
      else()
        set(_cache_var_type ":${_cache_var_type}")
      endif()
      string(APPEND _cmake_args " -D${_cache_var}${_cache_var_type}=\"${_cache_var_value}\"")
    endif()
  endforeach()
endif()
set(CMAKE_MODULE_PATH "${CMAKE_CURRENT_SOURCE_DIR}/CMake" ${CMAKE_MODULE_PATH})
include(Utilities)
`head -50 /repo/CMakeLists.txt` executes with returncode: 0

[Current directory]:
/src
You are currently in a [gcr.io/oss-fuzz-base/base-builder] container.

ENVIRONMENT REMINDER: You have 84 turns left to complete the task.
The container has successfully executed the following commands in order. Please refer to the execution history, reflect, and decide the subsequent actions. Remember, your ultimate goal is to pass the tests by executing `runtest`.
apt-get install libssl-dev
apt-get install libmbedtls-dev
apt-get install libwolfssl-dev
apt-get install libgnutls28-dev
apt-get install libnghttp2-dev
apt-get install libldap2-dev
apt-get install libidn2-0-dev
apt-get install libpsl-dev
apt-get install libssh2-1-dev
apt-get install libssh-dev
apt-get install libgsasl7-dev
apt-get install libuv1-dev
apt-get install librtmp-dev
cd /src && apt-cache search c-ares
cd /src && mkdir /repo/build
cd /repo/build && cmake ..
apt-get install libc-ares-dev
apt-get install libssl-dev
apt-get install libmbedtls-dev
apt-get install libwolfssl-dev
apt-get install libgnutls28-dev
apt-get install libnghttp2-dev
apt-get install libldap2-dev
apt-get install libidn2-0-dev
apt-get install libpsl-dev
apt-get install libssh2-1-dev
apt-get install libssh-dev
apt-get install libgsasl7-dev
apt-get install libuv1-dev
apt-get install librtmp-dev
cd /repo/build && cmake ..
---------------------------
### Thought:
The `CMakeLists.txt` file includes a reference to a `CMake` directory and an `include(Utilities)` statement. This suggests that additional CMake modules and utilities might be defined in the `CMake` directory. To identify dependencies, I will search for `find_package` and `pkg_check_modules` in the `CMakeLists.txt` file.

### Action:
```bash
grep -n "find_package\|pkg_check_modules" /repo/CMakeLists.txt
```
### Observation:
Running `grep -n "find_package\|pkg_check_modules" /repo/CMakeLists.txt`...
[32m[K403[m[K[36m[K:[m[K  [01;31m[Kfind_package[m[K(Cares REQUIRED)
[32m[K544[m[K[36m[K:[m[K[01;31m[Kfind_package[m[K(Perl)
[32m[K618[m[K[36m[K:[m[K    [01;31m[Kfind_package[m[K(Threads REQUIRED)
[32m[K804[m[K[36m[K:[m[K  [01;31m[Kfind_package[m[K(OpenSSL REQUIRED)
[32m[K852[m[K[36m[K:[m[K  [01;31m[Kfind_package[m[K(MbedTLS REQUIRED)
[32m[K874[m[K[36m[K:[m[K  [01;31m[Kfind_package[m[K(WolfSSL REQUIRED)
[32m[K894[m[K[36m[K:[m[K    [01;31m[Kfind_package[m[K(PkgConfig QUIET)
[32m[K895[m[K[36m[K:[m[K    [01;31m[Kpkg_check_modules[m[K(GNUTLS "gnutls")
[32m[K905[m[K[36m[K:[m[K    [01;31m[Kfind_package[m[K(GnuTLS REQUIRED)
... (13 lines omitted) ...
[32m[K1233[m[K[36m[K:[m[K  [01;31m[Kfind_package[m[K(NGHTTP3 REQUIRED)
[32m[K1267[m[K[36m[K:[m[K    [01;31m[Kfind_package[m[K(LDAP)
[32m[K1345[m[K[36m[K:[m[K  [01;31m[Kfind_package[m[K(Libidn2)
[32m[K1366[m[K[36m[K:[m[K  [01;31m[Kfind_package[m[K(Libpsl REQUIRED)
[32m[K1384[m[K[36m[K:[m[K  [01;31m[Kfind_package[m[K(Libssh2)
[32m[K1402[m[K[36m[K:[m[K  [01;31m[Kfind_package[m[K(Libssh REQUIRED)
[32m[K1417[m[K[36m[K:[m[K  [01;31m[Kfind_package[m[K(Libgsasl REQUIRED)
[32m[K1433[m[K[36m[K:[m[K  [01;31m[Kfind_package[m[K(GSS)
[32m[K1462[m[K[36m[K:[m[K  [01;31m[Kfind_package[m[K(Libuv REQUIRED)
[32m[K1477[m[K[36m[K:[m[K  [01;31m[Kfind_package[m[K(Librtmp REQUIRED)
`grep -n "find_package\|pkg_check_modules" /repo/CMakeLists.txt` executes with returncode: 0

[Current directory]:
/src
You are currently in a [gcr.io/oss-fuzz-base/base-builder] container.

ENVIRONMENT REMINDER: You have 83 turns left to complete the task.
The container has successfully executed the following commands in order. Please refer to the execution history, reflect, and decide the subsequent actions. Remember, your ultimate goal is to pass the tests by executing `runtest`.
apt-get install libssl-dev
apt-get install libmbedtls-dev
apt-get install libwolfssl-dev
apt-get install libgnutls28-dev
apt-get install libnghttp2-dev
apt-get install libldap2-dev
apt-get install libidn2-0-dev
apt-get install libpsl-dev
apt-get install libssh2-1-dev
apt-get install libssh-dev
apt-get install libgsasl7-dev
apt-get install libuv1-dev
apt-get install librtmp-dev
cd /src && apt-cache search c-ares
cd /src && mkdir /repo/build
cd /repo/build && cmake ..
apt-get install libc-ares-dev
apt-get install libssl-dev
apt-get install libmbedtls-dev
apt-get install libwolfssl-dev
apt-get install libgnutls28-dev
apt-get install libnghttp2-dev
apt-get install libldap2-dev
apt-get install libidn2-0-dev
apt-get install libpsl-dev
apt-get install libssh2-1-dev
apt-get install libssh-dev
apt-get install libgsasl7-dev
apt-get install libuv1-dev
apt-get install librtmp-dev
cd /repo/build && cmake ..
---------------------------
### Thought:
The `CMakeLists.txt` file indicates several dependencies that need to be installed, such as `Cares`, `OpenSSL`, `MbedTLS`, `WolfSSL`, `GnuTLS`, `NGHTTP2`, `LDAP`, `Libidn2`, `Libpsl`, `Libssh2`, `Libssh`, `Libgsasl`, `Libuv`, and `Librtmp`. Some of these dependencies have already been installed. I will now check the `configure.ac` file for any additional dependencies or configurations.

### Action:
```bash
head -50 /repo/configure.ac
```
### Observation:
Running `head -50 /repo/configure.ac`...
#***************************************************************************
#                                  _   _ ____  _
#  Project                     ___| | | |  _ \| |
#                             / __| | | | |_) | |
#                            | (__| |_| |  _ <| |___
#                             \___|\___/|_| \_\_____|
#
# Copyright (C) Daniel Stenberg, <daniel@haxx.se>, et al.
#
... (25 lines omitted) ...
AC_CONFIG_SRCDIR([lib/urldata.h])
AC_CONFIG_HEADERS(lib/curl_config.h)
AH_TOP([/* !checksrc! disable COPYRIGHT all */])
AC_CONFIG_MACRO_DIR([m4])
AM_MAINTAINER_MODE
m4_ifdef([AM_SILENT_RULES], [AM_SILENT_RULES([yes])])
CURL_CHECK_OPTION_DEBUG
AM_CONDITIONAL(DEBUGBUILD, test x$want_debug = xyes)
CURL_CHECK_OPTION_OPTIMIZE
CURL_CHECK_OPTION_WARNINGS
`head -50 /repo/configure.ac` executes with returncode: 0

[Current directory]:
/src
You are currently in a [gcr.io/oss-fuzz-base/base-builder] container.

ENVIRONMENT REMINDER: You have 82 turns left to complete the task.
The container has successfully executed the following commands in order. Please refer to the execution history, reflect, and decide the subsequent actions. Remember, your ultimate goal is to pass the tests by executing `runtest`.
apt-get install libssl-dev
apt-get install libmbedtls-dev
apt-get install libwolfssl-dev
apt-get install libgnutls28-dev
apt-get install libnghttp2-dev
apt-get install libldap2-dev
apt-get install libidn2-0-dev
apt-get install libpsl-dev
apt-get install libssh2-1-dev
apt-get install libssh-dev
apt-get install libgsasl7-dev
apt-get install libuv1-dev
apt-get install librtmp-dev
cd /src && apt-cache search c-ares
cd /src && mkdir /repo/build
cd /repo/build && cmake ..
apt-get install libc-ares-dev
apt-get install libssl-dev
apt-get install libmbedtls-dev
apt-get install libwolfssl-dev
apt-get install libgnutls28-dev
apt-get install libnghttp2-dev
apt-get install libldap2-dev
apt-get install libidn2-0-dev
apt-get install libpsl-dev
apt-get install libssh2-1-dev
apt-get install libssh-dev
apt-get install libgsasl7-dev
apt-get install libuv1-dev
apt-get install librtmp-dev
cd /repo/build && cmake ..
---------------------------
### Thought:
The `configure.ac` file includes several macros and configuration checks. To identify specific dependencies, I will search for `AC_CHECK_LIB` and `PKG_CHECK_MODULES` in the `configure.ac` file.

### Action:
```bash
grep -n "AC_CHECK_LIB\|PKG_CHECK_MODULES" /repo/configure.ac
```
### Observation:
Running `grep -n "AC_CHECK_LIB\|PKG_CHECK_MODULES" /repo/configure.ac`...
[32m[K1123[m[K[36m[K:[m[K    [01;31m[KAC_CHECK_LIB[m[K(nsl, gethostbyname,
[32m[K1134[m[K[36m[K:[m[K  [01;31m[KAC_CHECK_LIB[m[K(socket, gethostbyname,
[32m[K1148[m[K[36m[K:[m[K  [01;31m[KAC_CHECK_LIB[m[K(watt, gethostbyname,
[32m[K1312[m[K[36m[K:[m[K  [01;31m[KAC_CHECK_LIB[m[K(network, gethostbyname,
[32m[K1382[m[K[36m[K:[m[K      [01;31m[KAC_CHECK_LIB[m[K(z, inflateEnd,
[32m[K1409[m[K[36m[K:[m[K        [01;31m[KAC_CHECK_LIB[m[K(z, gzread,
[32m[K1524[m[K[36m[K:[m[K  [01;31m[KAC_CHECK_LIB[m[K(brotlidec, BrotliDecoderDecompress)
[32m[K1613[m[K[36m[K:[m[K  [01;31m[KAC_CHECK_LIB[m[K(zstd, ZSTD_createDStream)
[32m[K2160[m[K[36m[K:[m[K  [01;31m[KAC_CHECK_LIB[m[K(psl, psl_builtin,
... (11 lines omitted) ...
[32m[K3272[m[K[36m[K:[m[K    [01;31m[KAC_CHECK_LIB[m[K(ngtcp2_crypto_libressl, ngtcp2_crypto_recv_client_initial_cb,
[32m[K3332[m[K[36m[K:[m[K    [01;31m[KAC_CHECK_LIB[m[K(ngtcp2_crypto_quictls, ngtcp2_crypto_recv_client_initial_cb,
[32m[K3390[m[K[36m[K:[m[K    [01;31m[KAC_CHECK_LIB[m[K(ngtcp2_crypto_ossl, ngtcp2_crypto_recv_client_initial_cb,
[32m[K3448[m[K[36m[K:[m[K    [01;31m[KAC_CHECK_LIB[m[K(ngtcp2_crypto_boringssl, ngtcp2_crypto_recv_client_initial_cb,
[32m[K3505[m[K[36m[K:[m[K    [01;31m[KAC_CHECK_LIB[m[K(ngtcp2_crypto_gnutls, ngtcp2_crypto_recv_client_initial_cb,
[32m[K3562[m[K[36m[K:[m[K    [01;31m[KAC_CHECK_LIB[m[K(ngtcp2_crypto_wolfssl, ngtcp2_crypto_recv_client_initial_cb,
[32m[K3698[m[K[36m[K:[m[K    [01;31m[KAC_CHECK_LIB[m[K(nghttp3, nghttp3_conn_client_new_versioned,
[32m[K3818[m[K[36m[K:[m[K    [01;31m[KAC_CHECK_LIB[m[K(quiche, quiche_conn_send_ack_eliciting,
[32m[K3911[m[K[36m[K:[m[K    [01;31m[KAC_CHECK_LIB[m[K(uv, uv_default_loop,
[32m[K4372[m[K[36m[K:[m[K        [01;31m[KAC_CHECK_LIB[m[K(pthread, pthread_create,
`grep -n "AC_CHECK_LIB\|PKG_CHECK_MODULES" /repo/configure.ac` executes with returncode: 0

[Current directory]:
/src
You are currently in a [gcr.io/oss-fuzz-base/base-builder] container.

ENVIRONMENT REMINDER: You have 81 turns left to complete the task.
The container has successfully executed the following commands in order. Please refer to the execution history, reflect, and decide the subsequent actions. Remember, your ultimate goal is to pass the tests by executing `runtest`.
apt-get install libssl-dev
apt-get install libmbedtls-dev
apt-get install libwolfssl-dev
apt-get install libgnutls28-dev
apt-get install libnghttp2-dev
apt-get install libldap2-dev
apt-get install libidn2-0-dev
apt-get install libpsl-dev
apt-get install libssh2-1-dev
apt-get install libssh-dev
apt-get install libgsasl7-dev
apt-get install libuv1-dev
apt-get install librtmp-dev
cd /src && apt-cache search c-ares
cd /src && mkdir /repo/build
cd /repo/build && cmake ..
apt-get install libc-ares-dev
apt-get install libssl-dev
apt-get install libmbedtls-dev
apt-get install libwolfssl-dev
apt-get install libgnutls28-dev
apt-get install libnghttp2-dev
apt-get install libldap2-dev
apt-get install libidn2-0-dev
apt-get install libpsl-dev
apt-get install libssh2-1-dev
apt-get install libssh-dev
apt-get install libgsasl7-dev
apt-get install libuv1-dev
apt-get install librtmp-dev
cd /repo/build && cmake ..
---------------------------
### Thought:
The `configure.ac` file includes checks for several libraries such as `zlib`, `brotli`, `zstd`, `psl`, `ngtcp2`, `nghttp3`, `quiche`, `libuv`, and `pthread`. I will add these libraries to the waiting list and then proceed to install them.

### Action:
```bash
waitinglist add -p zlib1g-dev -t apt && waitinglist add -p libbrotli-dev -t apt && waitinglist add -p libzstd-dev -t apt && waitinglist add -p libngtcp2-dev -t apt && waitinglist add -p libnghttp3-dev -t apt && waitinglist add -p libquiche-dev -t apt && waitinglist add -p libpthread-stubs0-dev -t apt && waitinglist show
```
### Observation:
Running `waitinglist add -p zlib1g-dev -t apt`...
'zlib1g-dev' (using apt to download) has been added into the waiting list. If you have multiple elements to add to the waitinglist, you can use && to connect multiple `waitinglist add` statements and surround them with ```bash and ```. Please make sure to write the complete statements; we will only recognize complete statements. Do not use ellipses or other incomplete forms.

Running `waitinglist add -p libbrotli-dev -t apt`...
'libbrotli-dev' (using apt to download) has been added into the waiting list. If you have multiple elements to add to the waitinglist, you can use && to connect multiple `waitinglist add` statements and surround them with ```bash and ```. Please make sure to write the complete statements; we will only recognize complete statements. Do not use ellipses or other incomplete forms.

Running `waitinglist add -p libzstd-dev -t apt`...
'libzstd-dev' (using apt to download) has been added into the waiting list. If you have multiple elements to add to the waitinglist, you can use && to connect multiple `waitinglist add` statements and surround them with ```bash and ```. Please make sure to write the complete statements; we will only recognize complete statements. Do not use ellipses or other incomplete forms.

Running `waitinglist add -p libngtcp2-dev -t apt`...
'libngtcp2-dev' (using apt to download) has been added into the waiting list. If you have multiple elements to add to the waitinglist, you can use && to connect multiple `waitinglist add` statements and surround them with ```bash and ```. Please make sure to write the complete statements; we will only recognize complete statements. Do not use ellipses or other incomplete forms.

Running `waitinglist add -p libnghttp3-dev -t apt`...
'libnghttp3-dev' (using apt to download) has been added into the waiting list. If you have multiple elements to add to the waitinglist, you can use && to connect multiple `waitinglist add` statements and surround them with ```bash and ```. Please make sure to write the complete statements; we will only recognize complete statements. Do not use ellipses or other incomplete forms.

Running `waitinglist add -p libquiche-dev -t apt`...
'libquiche-dev' (using apt to download) has been added into the waiting list. If you have multiple elements to add to the waitinglist, you can use && to connect multiple `waitinglist add` statements and surround them with ```bash and ```. Please make sure to write the complete statements; we will only recognize complete statements. Do not use ellipses or other incomplete forms.

Running `waitinglist add -p libpthread-stubs0-dev -t apt`...
'libpthread-stubs0-dev' (using apt to download) has been added into the waiting list. If you have multiple elements to add to the waitinglist, you can use && to connect multiple `waitinglist add` statements and surround them with ```bash and ```. Please make sure to write the complete statements; we will only recognize complete statements. Do not use ellipses or other incomplete forms.

Running `waitinglist show`...
There are 7 third-party libraries in the waiting list, which will be downloaded together.
The following shows the first all items in the waiting list.
****************************************************************************************************
zlib1g-dev (using apt to download)
libbrotli-dev (using apt to download)
libzstd-dev (using apt to download)
libngtcp2-dev (using apt to download)
libnghttp3-dev (using apt to download)
libquiche-dev (using apt to download)
libpthread-stubs0-dev (using apt to download)
****************************************************************************************************

If you need to download them, please enter the command `download`.



[Current directory]:
/src
You are currently in a [gcr.io/oss-fuzz-base/base-builder] container.

ENVIRONMENT REMINDER: You have 80 turns left to complete the task.
The container has successfully executed the following commands in order. Please refer to the execution history, reflect, and decide the subsequent actions. Remember, your ultimate goal is to pass the tests by executing `runtest`.
apt-get install libssl-dev
apt-get install libmbedtls-dev
apt-get install libwolfssl-dev
apt-get install libgnutls28-dev
apt-get install libnghttp2-dev
apt-get install libldap2-dev
apt-get install libidn2-0-dev
apt-get install libpsl-dev
apt-get install libssh2-1-dev
apt-get install libssh-dev
apt-get install libgsasl7-dev
apt-get install libuv1-dev
apt-get install librtmp-dev
cd /src && apt-cache search c-ares
cd /src && mkdir /repo/build
cd /repo/build && cmake ..
apt-get install libc-ares-dev
apt-get install libssl-dev
apt-get install libmbedtls-dev
apt-get install libwolfssl-dev
apt-get install libgnutls28-dev
apt-get install libnghttp2-dev
apt-get install libldap2-dev
apt-get install libidn2-0-dev
apt-get install libpsl-dev
apt-get install libssh2-1-dev
apt-get install libssh-dev
apt-get install libgsasl7-dev
apt-get install libuv1-dev
apt-get install librtmp-dev
cd /repo/build && cmake ..
---------------------------
### Thought:
I have added all the necessary libraries to the waiting list. Now, I will proceed to download and install these libraries.

### Action:
```bash
download
```
### Observation:
Running `download`...
'zlib1g-dev' has been removed from the waiting list.
"zlib1g-dev" installed successfully.
'libbrotli-dev' has been removed from the waiting list.
"libbrotli-dev" installed successfully.
'libzstd-dev' has been removed from the waiting list.
"libzstd-dev" installed successfully.
'libngtcp2-dev' has been removed from the waiting list.
'libngtcp2-dev' (using apt to download) has been added into the waiting list. If you have multiple elements to add to the waitinglist, you can use && to connect multiple `waitinglist add` statements and surround them with ```bash and ```. Please make sure to write the complete statements; we will only recognize complete statements. Do not use ellipses or other incomplete forms.
"libngtcp2-dev" installed failed due to non-timeout errors
... (29 lines omitted) ...
Hit:2 http://archive.ubuntu.com/ubuntu focal InRelease
Hit:3 http://archive.ubuntu.com/ubuntu focal-updates InRelease
Hit:4 http://archive.ubuntu.com/ubuntu focal-backports InRelease
Reading package lists...
Extract command `apt-get install -y libngtcp2-dev`, about to execute...
An error occurred while running 'apt-get install': E: Unable to locate package libngtcp2-dev
Reading package lists...
Building dependency tree...
Reading state information...
----------------------------------------------------------------------------------------------------
[Current directory]:
/src
You are currently in a [gcr.io/oss-fuzz-base/base-builder] container.

ENVIRONMENT REMINDER: You have 79 turns left to complete the task.
The container has successfully executed the following commands in order. Please refer to the execution history, reflect, and decide the subsequent actions. Remember, your ultimate goal is to pass the tests by executing `runtest`.
apt-get install libssl-dev
apt-get install libmbedtls-dev
apt-get install libwolfssl-dev
apt-get install libgnutls28-dev
apt-get install libnghttp2-dev
apt-get install libldap2-dev
apt-get install libidn2-0-dev
apt-get install libpsl-dev
apt-get install libssh2-1-dev
apt-get install libssh-dev
apt-get install libgsasl7-dev
apt-get install libuv1-dev
apt-get install librtmp-dev
cd /src && apt-cache search c-ares
cd /src && mkdir /repo/build
cd /repo/build && cmake ..
apt-get install libc-ares-dev
apt-get install libssl-dev
apt-get install libmbedtls-dev
apt-get install libwolfssl-dev
apt-get install libgnutls28-dev
apt-get install libnghttp2-dev
apt-get install libldap2-dev
apt-get install libidn2-0-dev
apt-get install libpsl-dev
apt-get install libssh2-1-dev
apt-get install libssh-dev
apt-get install libgsasl7-dev
apt-get install libuv1-dev
apt-get install librtmp-dev
cd /repo/build && cmake ..
apt-get install zlib1g-dev
apt-get install libbrotli-dev
apt-get install libzstd-dev
apt-get install libpthread-stubs0-dev
---------------------------
### Thought:
The installation of `libngtcp2-dev` failed because the package could not be located. I will remove it from the waiting list and proceed with the remaining installations.

### Action:
```bash
waitinglist clear && waitinglist add -p libngtcp2-0 -t apt && download
```
### Observation:
Running `waitinglist clear`...
Success clear all the items of waitinglist.

Running `waitinglist add -p libngtcp2-0 -t apt`...
'libngtcp2-0' (using apt to download) has been added into the waiting list. If you have multiple elements to add to the waitinglist, you can use && to connect multiple `waitinglist add` statements and surround them with ```bash and ```. Please make sure to write the complete statements; we will only recognize complete statements. Do not use ellipses or other incomplete forms.

Running `download`...
'libngtcp2-0' has been removed from the waiting list.
'libngtcp2-0' (using apt to download) has been added into the waiting list. 
"libngtcp2-0" installed failed due to non-timeout errors
'libngtcp2-0' has been removed from the waiting list.
'libngtcp2-0' (using apt to download) has been added into the waiting list. If you have multiple elements to add to the waitinglist, you can use && to connect multiple `waitinglist add` statements and surround them with ```bash and ```. Please make sure to write the complete statements; we will only recognize complete statements. Do not use ellipses or other incomplete forms.
"libngtcp2-0" installed failed due to non-timeout errors
'libngtcp2-0' has been removed from the waiting list.
The third-party library "libngtcp2-0" (using tool apt) has been added to the failed list due to three download non-timeout errors.
No third-party libraries were successfully downloaded in this round.
... (5 lines omitted) ...
Hit:2 http://archive.ubuntu.com/ubuntu focal-updates InRelease
Hit:3 http://archive.ubuntu.com/ubuntu focal-backports InRelease
Hit:4 http://security.ubuntu.com/ubuntu focal-security InRelease
Reading package lists...
Extract command `apt-get install -y libngtcp2-0`, about to execute...
An error occurred while running 'apt-get install': E: Unable to locate package libngtcp2-0
Reading package lists...
Building dependency tree...
Reading state information...
----------------------------------------------------------------------------------------------------
[Current directory]:
/src
You are currently in a [gcr.io/oss-fuzz-base/base-builder] container.

ENVIRONMENT REMINDER: You have 78 turns left to complete the task.
The container has successfully executed the following commands in order. Please refer to the execution history, reflect, and decide the subsequent actions. Remember, your ultimate goal is to pass the tests by executing `runtest`.
apt-get install libssl-dev
apt-get install libmbedtls-dev
apt-get install libwolfssl-dev
apt-get install libgnutls28-dev
apt-get install libnghttp2-dev
apt-get install libldap2-dev
apt-get install libidn2-0-dev
apt-get install libpsl-dev
apt-get install libssh2-1-dev
apt-get install libssh-dev
apt-get install libgsasl7-dev
apt-get install libuv1-dev
apt-get install librtmp-dev
cd /src && apt-cache search c-ares
cd /src && mkdir /repo/build
cd /repo/build && cmake ..
apt-get install libc-ares-dev
apt-get install libssl-dev
apt-get install libmbedtls-dev
apt-get install libwolfssl-dev
apt-get install libgnutls28-dev
apt-get install libnghttp2-dev
apt-get install libldap2-dev
apt-get install libidn2-0-dev
apt-get install libpsl-dev
apt-get install libssh2-1-dev
apt-get install libssh-dev
apt-get install libgsasl7-dev
apt-get install libuv1-dev
apt-get install librtmp-dev
cd /repo/build && cmake ..
apt-get install zlib1g-dev
apt-get install libbrotli-dev
apt-get install libzstd-dev
apt-get install libpthread-stubs0-dev
---------------------------
### Thought:
The package `libngtcp2-0` is also not available. I will proceed to run the tests to see if the current configuration is sufficient.

### Action:
```bash
runtest
```
Found existing CMake build. Running tests with CMake...
Congratulations, you have successfully configured the environment!
Test output:
Test project /repo/build

Container a04e1de7fa0e stopped and removed
Spend totally 261.15737771987915.
